Welcome to Topic Modelling
using  24  threads
initialised
seed set
model created
graph loaded
<Graph object, undirected, with 5000 vertices and 3598885 edges at 0x7fa628a715c0>
    l=1  Current bracket: (2, 2, 2) (32.50506998027179, 32.50506998027179, 32.50506998027179)
    l=1  Current bracket: (2, 2, 2) (32.50506998027179, 32.50506998027179, 32.50506998027179)
    l=1  Bisect at B = 2 with S = 32.50506998027179
    l=1  Best result: B = 2, S = 32.50506998027179
level 1 : rejected replacement (2, 1) -> (2, 2) , dS: 1.386294361203909
    l=1  Current bracket: (2, 2, 2) (32.50506998027179, 32.50506998027179, 32.50506998027179)
    l=1  Current bracket: (2, 2, 2) (32.50506998027179, 32.50506998027179, 32.50506998027179)
    l=1  Bisect at B = 2 with S = 32.50506998027179
    l=1  Best result: B = 2, S = 32.50506998027179
level 1 : rejected insert 2 , dS: 2.772588722407818
    l=0      B: 2416 <- 5000    shrinking 5000 -> 3846
    l=0      B: 2416 <- 5000    B=3846  niter:     1  count:    0  breaks:  0  min_S: 5183855.2  max_S: 5318489.4  S: 5183855.2  ΔS:     -134634.  moves:  1595 
    l=0      B: 2416 <- 5000    B=3846  niter:     2  count:    0  breaks:  0  min_S: 5165806.7  max_S: 5318489.4  S: 5165806.7  ΔS:     -18048.5  moves:   582 
    l=0      B: 2416 <- 5000    B=3846  niter:     3  count:    0  breaks:  0  min_S: 5161264.9  max_S: 5318489.4  S: 5161264.9  ΔS:     -4541.88  moves:   276 
    l=0      B: 2416 <- 5000    B=3846  niter:     4  count:    0  breaks:  0  min_S: 5158783.2  max_S: 5318489.4  S: 5158783.2  ΔS:     -2481.68  moves:   212 
    l=0      B: 2416 <- 5000    B=3846  niter:     5  count:    0  breaks:  0  min_S: 5157440.0  max_S: 5318489.4  S: 5157440.0  ΔS:     -1343.20  moves:   139 
    l=0      B: 2416 <- 5000    B=3846  niter:     6  count:    0  breaks:  0  min_S: 5156578.8  max_S: 5318489.4  S: 5156578.8  ΔS:     -861.171  moves:   142 
    l=0      B: 2416 <- 5000    B=3846  niter:     7  count:    0  breaks:  0  min_S: 5155642.0  max_S: 5318489.4  S: 5155642.0  ΔS:     -936.847  moves:   103 
    l=0      B: 2416 <- 5000    B=3846  niter:     8  count:    0  breaks:  0  min_S: 5154699.6  max_S: 5318489.4  S: 5154699.6  ΔS:     -942.343  moves:    81 
    l=0      B: 2416 <- 5000    B=3846  niter:     9  count:    0  breaks:  0  min_S: 5154099.3  max_S: 5318489.4  S: 5154099.3  ΔS:     -600.283  moves:    59 
    l=0      B: 2416 <- 5000    B=3846  niter:    10  count:    0  breaks:  0  min_S: 5153100.1  max_S: 5318489.4  S: 5153100.1  ΔS:     -999.195  moves:    66 
    l=0      B: 2416 <- 5000    B=3846  niter:    11  count:    1  breaks:  1  min_S: 5153100.1  max_S: 5318489.4  S: 5152961.2  ΔS:     -138.967  moves:    57 
    l=0      B: 2416 <- 5000    shrinking 3741 -> 2878
    l=0      B: 2416 <- 5000    B=2878  niter:     1  count:    0  breaks:  0  min_S: 4288809.1  max_S: 4348908.5  S: 4288809.1  ΔS:     -60099.4  moves:  1770 
    l=0      B: 2416 <- 5000    B=2878  niter:     2  count:    0  breaks:  0  min_S: 4274464.5  max_S: 4348908.5  S: 4274464.5  ΔS:     -14344.6  moves:  1073 
    l=0      B: 2416 <- 5000    B=2878  niter:     3  count:    0  breaks:  0  min_S: 4266419.4  max_S: 4348908.5  S: 4266419.4  ΔS:     -8045.07  moves:   750 
    l=0      B: 2416 <- 5000    B=2878  niter:     4  count:    0  breaks:  0  min_S: 4261176.5  max_S: 4348908.5  S: 4261176.5  ΔS:     -5242.93  moves:   583 
    l=0      B: 2416 <- 5000    B=2878  niter:     5  count:    0  breaks:  0  min_S: 4256412.5  max_S: 4348908.5  S: 4256412.5  ΔS:     -4764.00  moves:   513 
    l=0      B: 2416 <- 5000    B=2878  niter:     6  count:    0  breaks:  0  min_S: 4253141.4  max_S: 4348908.5  S: 4253141.4  ΔS:     -3271.13  moves:   408 
    l=0      B: 2416 <- 5000    B=2878  niter:     7  count:    0  breaks:  0  min_S: 4250656.7  max_S: 4348908.5  S: 4250656.7  ΔS:     -2484.67  moves:   368 
    l=0      B: 2416 <- 5000    B=2878  niter:     8  count:    0  breaks:  0  min_S: 4248361.1  max_S: 4348908.5  S: 4248361.1  ΔS:     -2295.63  moves:   292 
    l=0      B: 2416 <- 5000    B=2878  niter:     9  count:    0  breaks:  0  min_S: 4245736.5  max_S: 4348908.5  S: 4245736.5  ΔS:     -2624.58  moves:   272 
    l=0      B: 2416 <- 5000    B=2878  niter:    10  count:    0  breaks:  0  min_S: 4244032.0  max_S: 4348908.5  S: 4244032.0  ΔS:     -1704.45  moves:   246 
    l=0      B: 2416 <- 5000    B=2878  niter:    11  count:    0  breaks:  0  min_S: 4242479.6  max_S: 4348908.5  S: 4242479.6  ΔS:     -1552.41  moves:   225 
    l=0      B: 2416 <- 5000    B=2878  niter:    12  count:    0  breaks:  0  min_S: 4241484.0  max_S: 4348908.5  S: 4241484.0  ΔS:     -995.553  moves:   173 
    l=0      B: 2416 <- 5000    B=2878  niter:    13  count:    0  breaks:  0  min_S: 4240608.2  max_S: 4348908.5  S: 4240608.2  ΔS:     -875.844  moves:   172 
    l=0      B: 2416 <- 5000    B=2878  niter:    14  count:    0  breaks:  0  min_S: 4239552.5  max_S: 4348908.5  S: 4239552.5  ΔS:     -1055.71  moves:   182 
    l=0      B: 2416 <- 5000    B=2878  niter:    15  count:    0  breaks:  0  min_S: 4238666.4  max_S: 4348908.5  S: 4238666.4  ΔS:     -886.107  moves:   143 
    l=0      B: 2416 <- 5000    B=2878  niter:    16  count:    0  breaks:  0  min_S: 4237879.1  max_S: 4348908.5  S: 4237879.1  ΔS:     -787.318  moves:   127 
    l=0      B: 2416 <- 5000    B=2878  niter:    17  count:    0  breaks:  0  min_S: 4237190.3  max_S: 4348908.5  S: 4237190.3  ΔS:     -688.791  moves:   122 
    l=0      B: 2416 <- 5000    B=2878  niter:    18  count:    0  breaks:  0  min_S: 4236590.8  max_S: 4348908.5  S: 4236590.8  ΔS:     -599.488  moves:   124 
    l=0      B: 2416 <- 5000    B=2878  niter:    19  count:    0  breaks:  0  min_S: 4235530.1  max_S: 4348908.5  S: 4235530.1  ΔS:     -1060.69  moves:   129 
    l=0      B: 2416 <- 5000    B=2878  niter:    20  count:    1  breaks:  1  min_S: 4235530.1  max_S: 4348908.5  S: 4235205.8  ΔS:     -324.330  moves:    88 
    l=0      B: 2416 <- 5000    shrinking 2741 -> 2416
    l=0      B: 2416 <- 5000    B=2416  niter:     1  count:    0  breaks:  0  min_S: 4070210.9  max_S: 4073759.3  S: 4070210.9  ΔS:     -3548.39  moves:   735 
    l=0      B: 2416 <- 5000    B=2416  niter:     2  count:    0  breaks:  0  min_S: 4067316.3  max_S: 4073759.3  S: 4067316.3  ΔS:     -2894.65  moves:   806 
    l=0      B: 2416 <- 5000    B=2416  niter:     3  count:    0  breaks:  0  min_S: 4063633.9  max_S: 4073759.3  S: 4063633.9  ΔS:     -3682.43  moves:   891 
    l=0      B: 2416 <- 5000    B=2416  niter:     4  count:    0  breaks:  0  min_S: 4060209.3  max_S: 4073759.3  S: 4060209.3  ΔS:     -3424.57  moves:   826 
    l=0      B: 2416 <- 5000    B=2416  niter:     5  count:    0  breaks:  0  min_S: 4058589.3  max_S: 4073759.3  S: 4058589.3  ΔS:     -1620.02  moves:   463 
    l=0      B: 2416 <- 5000    B=2416  niter:     6  count:    0  breaks:  0  min_S: 4057776.0  max_S: 4073759.3  S: 4057776.0  ΔS:     -813.231  moves:   288 
    l=0      B: 2416 <- 5000    B=2416  niter:     7  count:    0  breaks:  0  min_S: 4057149.0  max_S: 4073759.3  S: 4057149.0  ΔS:     -627.093  moves:   193 
    l=0      B: 2416 <- 5000    B=2416  niter:     8  count:    1  breaks:  1  min_S: 4057149.0  max_S: 4073759.3  S: 4056835.1  ΔS:     -313.876  moves:   128 
    l=0  Current bracket: (2, 2416, 5000) (4036358.196845609, 4056835.079148958, 5610892.097147783)
    l=0      B: 1429 <- 2416    shrinking 2301 -> 1770
    l=0      B: 1429 <- 2416    B=1770  niter:     1  count:    1  breaks:  1  min_S: 4041841.4  max_S: 4041841.4  S: 4041588.1  ΔS:     -253.276  moves:    95 
    l=0      B: 1429 <- 2416    shrinking 1762 -> 1429
    l=0      B: 1429 <- 2416    B=1429  niter:     1  count:    1  breaks:  1  min_S: 4036780.2  max_S: 4036780.2  S: 4036727.8  ΔS:     -52.3765  moves:    31 
    l=0  Current bracket: (2, 1429, 2416) (4036358.196845609, 4036727.791852674, 4056835.079148958)
    l=0      B: 819 <- 1429    shrinking 1429 -> 1099
    l=0      B: 819 <- 1429    B=1099  niter:     1  count:    1  breaks:  1  min_S: 4031939.5  max_S: 4031939.5  S: 4031897.5  ΔS:     -42.0003  moves:    19 
    l=0      B: 819 <- 1429    shrinking 1098 -> 845
    l=0      B: 819 <- 1429    B=845  niter:     1  count:    1  breaks:  1  min_S: 4028197.5  max_S: 4028197.5  S: 4028160.7  ΔS:     -36.8558  moves:    16 
    l=0      B: 819 <- 1429    shrinking 845 -> 819
    l=0      B: 819 <- 1429    B=819  niter:     1  count:    1  breaks:  1  min_S: 4027766.6  max_S: 4027766.6  S: 4027762.0  ΔS:     -4.65052  moves:     6 
    l=0  Current bracket: (2, 819, 1429) (4036358.196845609, 4027761.992167084, 4036727.791852674)
    l=0      B: 442 <- 819    shrinking 819 -> 630
    l=0      B: 442 <- 819    B=630  niter:     1  count:    1  breaks:  1  min_S: 4025054.0  max_S: 4025054.0  S: 4025045.0  ΔS:     -9.05388  moves:    11 
    l=0      B: 442 <- 819    shrinking 630 -> 485
    l=0      B: 442 <- 819    B=485  niter:     1  count:    1  breaks:  1  min_S: 4023126.0  max_S: 4023126.0  S: 4023115.5  ΔS:     -10.4492  moves:    15 
    l=0      B: 442 <- 819    shrinking 485 -> 442
    l=0      B: 442 <- 819    B=442  niter:     1  count:    1  breaks:  1  min_S: 4022530.0  max_S: 4022530.0  S: 4022524.2  ΔS:     -5.73971  moves:    11 
    l=0  Current bracket: (2, 819, 1429) (4036358.196845609, 4027761.992167084, 4036727.791852674)
    l=0  Bisect at B = 442 with S = 4022524.234186701
    l=0      B: 209 <- 442    shrinking 442 -> 340
    l=0      B: 209 <- 442    B=340  niter:     1  count:    1  breaks:  1  min_S: 4021156.9  max_S: 4021156.9  S: 4021153.4  ΔS:     -3.43588  moves:     6 
    l=0      B: 209 <- 442    shrinking 340 -> 262
    l=0      B: 209 <- 442    B=262  niter:     1  count:    1  breaks:  1  min_S: 4020091.5  max_S: 4020091.5  S: 4020061.5  ΔS:     -29.9681  moves:    16 
    l=0      B: 209 <- 442    shrinking 261 -> 209
    l=0      B: 209 <- 442    B=209  niter:     1  count:    1  breaks:  1  min_S: 4019278.6  max_S: 4019278.6  S: 4019255.1  ΔS:     -23.4690  moves:    18 
    l=0  Current bracket: (2, 442, 819) (4036358.196845609, 4022524.234186701, 4027761.992167084)
    l=0  Bisect at B = 209 with S = 4019255.133416687
    l=0      B: 298 <- 340    shrinking 340 -> 298
    l=0      B: 298 <- 340    B=298  niter:     1  count:    1  breaks:  1  min_S: 4020515.5  max_S: 4020515.5  S: 4020507.7  ΔS:     -7.75389  moves:     9 
    l=0  Current bracket: (2, 209, 442) (4036358.196845609, 4019255.1334166867, 4022524.234186701)
    l=0  Bisect at B = 298 with S = 4020507.737238603
    l=0      B: 120 <- 209    shrinking 209 -> 161
    l=0      B: 120 <- 209    B=161  niter:     1  count:    1  breaks:  1  min_S: 4018538.9  max_S: 4018538.9  S: 4018517.1  ΔS:     -21.7745  moves:    16 
    l=0      B: 120 <- 209    shrinking 161 -> 124
    l=0      B: 120 <- 209    B=124  niter:     1  count:    1  breaks:  1  min_S: 4017963.4  max_S: 4017963.4  S: 4017927.4  ΔS:     -35.9975  moves:    18 
    l=0      B: 120 <- 209    shrinking 124 -> 120
    l=0      B: 120 <- 209    B=120  niter:     1  count:    1  breaks:  1  min_S: 4017843.4  max_S: 4017843.4  S: 4017813.8  ΔS:     -29.6421  moves:    18 
    l=0  Current bracket: (2, 209, 298) (4036358.196845609, 4019255.1334166867, 4020507.7372386027)
    l=0  Bisect at B = 120 with S = 4017813.800088596
    l=0      B: 65 <- 120    shrinking 120 -> 92
    l=0      B: 65 <- 120    B=92  niter:     1  count:    1  breaks:  1  min_S: 4017337.6  max_S: 4017337.6  S: 4017294.5  ΔS:     -43.0352  moves:    17 
    l=0      B: 65 <- 120    shrinking 92 -> 71
    l=0      B: 65 <- 120    B=71  niter:     1  count:    1  breaks:  1  min_S: 4016990.8  max_S: 4016990.8  S: 4016946.9  ΔS:     -43.8996  moves:    20 
    l=0      B: 65 <- 120    shrinking 71 -> 65
    l=0      B: 65 <- 120    B=65  niter:     1  count:    1  breaks:  1  min_S: 4016835.2  max_S: 4016835.2  S: 4016782.6  ΔS:     -52.6024  moves:    22 
    l=0  Current bracket: (2, 120, 209) (4036358.196845609, 4017813.800088596, 4019255.1334166867)
    l=0  Bisect at B = 65 with S = 4016782.612728377
    l=0      B: 31 <- 65    shrinking 65 -> 50
    l=0      B: 31 <- 65    B=50  niter:     1  count:    1  breaks:  1  min_S: 4016651.5  max_S: 4016651.5  S: 4016611.5  ΔS:     -40.0547  moves:    19 
    l=0      B: 31 <- 65    shrinking 50 -> 38
    l=0      B: 31 <- 65    B=38  niter:     1  count:    1  breaks:  1  min_S: 4016593.1  max_S: 4016593.1  S: 4016538.6  ΔS:     -54.4651  moves:    26 
    l=0      B: 31 <- 65    shrinking 38 -> 31
    l=0      B: 31 <- 65    B=31  niter:     1  count:    1  breaks:  1  min_S: 4016459.8  max_S: 4016459.8  S: 4016421.3  ΔS:     -38.4243  moves:    12 
    l=0  Current bracket: (2, 65, 120) (4036358.196845609, 4016782.6127283773, 4017813.800088596)
    l=0  Bisect at B = 31 with S = 4016421.336729336
    l=0      B: 44 <- 50    shrinking 50 -> 44
    l=0      B: 44 <- 50    B=44  niter:     1  count:    1  breaks:  1  min_S: 4016593.4  max_S: 4016593.4  S: 4016523.8  ΔS:     -69.6499  moves:    17 
    l=0  Current bracket: (2, 31, 65) (4036358.196845609, 4016421.336729336, 4016782.6127283773)
    l=0  Bisect at B = 44 with S = 4016523.760322441
    l=0      B: 18 <- 31    shrinking 31 -> 24
    l=0      B: 18 <- 31    B=24  niter:     1  count:    1  breaks:  1  min_S: 4016588.6  max_S: 4016588.6  S: 4016534.7  ΔS:     -53.9881  moves:    21 
    l=0      B: 18 <- 31    shrinking 24 -> 18
    l=0      B: 18 <- 31    B=18  niter:     1  count:    1  breaks:  1  min_S: 4016740.0  max_S: 4016740.0  S: 4016687.4  ΔS:     -52.5529  moves:    23 
    l=0  Current bracket: (2, 31, 44) (4036358.196845609, 4016421.336729336, 4016523.760322441)
    l=0  Bisect at B = 18 with S = 4016687.414823254
    l=0      B: 23 <- 24    shrinking 24 -> 23
    l=0      B: 23 <- 24    B=23  niter:     1  count:    1  breaks:  1  min_S: 4016529.5  max_S: 4016529.5  S: 4016489.9  ΔS:     -39.5952  moves:    19 
    l=0  Current bracket: (18, 31, 44) (4016687.414823254, 4016421.336729336, 4016523.760322441)
    l=0  Bisect at B = 23 with S = 4016489.918363983
    l=0      B: 36 <- 38    shrinking 38 -> 36
    l=0      B: 36 <- 38    B=36  niter:     1  count:    1  breaks:  1  min_S: 4016512.7  max_S: 4016512.7  S: 4016482.8  ΔS:     -29.9426  moves:    14 
    l=0  Current bracket: (23, 31, 44) (4016489.9183639833, 4016421.336729336, 4016523.760322441)
    l=0  Bisect at B = 36 with S = 4016482.805815557
    l=0      B: 26 <- 31    shrinking 31 -> 26
    l=0      B: 26 <- 31    B=26  niter:     1  count:    1  breaks:  1  min_S: 4016515.5  max_S: 4016515.5  S: 4016480.6  ΔS:     -34.9656  moves:    18 
    l=0  Current bracket: (23, 31, 36) (4016489.9183639833, 4016421.336729336, 4016482.805815557)
    l=0  Bisect at B = 26 with S = 4016480.567701021
    l=0      B: 28 <- 31    shrinking 31 -> 28
    l=0      B: 28 <- 31    B=28  niter:     1  count:    1  breaks:  1  min_S: 4016402.1  max_S: 4016402.1  S: 4016386.2  ΔS:     -15.8974  moves:    16 
    l=0  Current bracket: (26, 31, 36) (4016480.5677010207, 4016421.336729336, 4016482.805815557)
    l=0  Bisect at B = 28 with S = 4016386.183502076
    l=0      B: 29 <- 31    shrinking 31 -> 29
    l=0      B: 29 <- 31    B=29  niter:     1  count:    1  breaks:  1  min_S: 4016442.2  max_S: 4016442.2  S: 4016420.8  ΔS:     -21.3782  moves:    14 
    l=0  Current bracket: (26, 28, 31) (4016480.5677010207, 4016386.1835020757, 4016421.336729336)
    l=0  Bisect at B = 29 with S = 4016420.828177528
    l=0      B: 27 <- 28    shrinking 28 -> 27
    l=0      B: 27 <- 28    B=27  niter:     1  count:    1  breaks:  1  min_S: 4016362.2  max_S: 4016362.2  S: 4016319.2  ΔS:     -42.9817  moves:    16 
    l=0  Current bracket: (26, 28, 29) (4016480.5677010207, 4016386.1835020757, 4016420.8281775275)
    l=0  Bisect at B = 27 with S = 4016319.174948328
    l=0  Best result: B = 27, S = 4016319.174948328
level 0 : replaced (5000, 2) -> (5000, 27) , dS: -17013.217015748844 2
    l=1      B: 14 <- 27    shrinking 27 -> 21
    l=1      B: 14 <- 27    B=21  niter:     1  count:    1  breaks:  1  min_S: 799.80752  max_S: 799.80752  S: 799.80752  ΔS:      0.00000  moves:     0 
    l=1      B: 14 <- 27    shrinking 21 -> 16
    l=1      B: 14 <- 27    B=16  niter:     1  count:    1  breaks:  1  min_S: 779.65349  max_S: 779.65349  S: 779.65349  ΔS:      0.00000  moves:     0 
    l=1      B: 14 <- 27    shrinking 16 -> 14
    l=1      B: 14 <- 27    B=14  niter:     1  count:    1  breaks:  1  min_S: 771.53737  max_S: 771.53737  S: 771.53737  ΔS:      0.00000  moves:     0 
    l=1  Current bracket: (2, 14, 27) (879.4178391321386, 771.5373675098323, 940.2709941184951)
    l=1      B: 19 <- 21    shrinking 21 -> 19
    l=1      B: 19 <- 21    B=19  niter:     1  count:    1  breaks:  1  min_S: 793.67296  max_S: 793.67296  S: 793.67296  ΔS:      0.00000  moves:     0 
    l=1  Current bracket: (2, 14, 27) (879.4178391321386, 771.5373675098323, 940.2709941184951)
    l=1  Bisect at B = 19 with S = 793.6729583505189
    l=1      B: 9 <- 14    shrinking 14 -> 11
    l=1      B: 9 <- 14    B=11  niter:     1  count:    1  breaks:  1  min_S: 759.23267  max_S: 759.23267  S: 759.23267  ΔS:      0.00000  moves:     0 
    l=1      B: 9 <- 14    shrinking 11 -> 9
    l=1      B: 9 <- 14    B=9  niter:     1  count:    1  breaks:  1  min_S: 752.26227  max_S: 752.26227  S: 752.26227  ΔS:      0.00000  moves:     0 
    l=1  Current bracket: (2, 14, 19) (879.4178391321386, 771.5373675098323, 793.6729583505189)
    l=1  Bisect at B = 9 with S = 752.2622749970709
    l=1      B: 6 <- 9    shrinking 9 -> 7
    l=1      B: 6 <- 9    B=7  niter:     1  count:    0  breaks:  0  min_S: 735.20336  max_S: 738.50870  S: 735.20336  ΔS:     -3.30533  moves:     1 
    l=1      B: 6 <- 9    B=7  niter:     2  count:    1  breaks:  1  min_S: 735.20336  max_S: 738.50870  S: 735.20336  ΔS:      0.00000  moves:     0 
    l=1      B: 6 <- 9    shrinking 7 -> 6
    l=1      B: 6 <- 9    B=6  niter:     1  count:    0  breaks:  0  min_S: 729.04900  max_S: 730.65766  S: 729.04900  ΔS:     -1.60866  moves:     1 
    l=1      B: 6 <- 9    B=6  niter:     2  count:    1  breaks:  1  min_S: 729.04900  max_S: 730.65766  S: 729.04900  ΔS:      0.00000  moves:     0 
    l=1  Current bracket: (2, 9, 14) (879.4178391321386, 752.2622749970709, 771.5373675098323)
    l=1  Bisect at B = 6 with S = 729.0490043837054
    l=1      B: 4 <- 6    shrinking 6 -> 5
    l=1      B: 4 <- 6    B=5  niter:     1  count:    1  breaks:  1  min_S: 727.24171  max_S: 727.24171  S: 727.24171  ΔS:      0.00000  moves:     0 
    l=1      B: 4 <- 6    shrinking 5 -> 4
    l=1      B: 4 <- 6    B=4  niter:     1  count:    0  breaks:  0  min_S: 726.27781  max_S: 727.11467  S: 726.27781  ΔS:    -0.836860  moves:     1 
    l=1      B: 4 <- 6    B=4  niter:     2  count:    0  breaks:  0  min_S: 724.89879  max_S: 727.11467  S: 724.89879  ΔS:     -1.37902  moves:     1 
    l=1      B: 4 <- 6    B=4  niter:     3  count:    1  breaks:  1  min_S: 724.89879  max_S: 727.11467  S: 724.89879  ΔS:      0.00000  moves:     0 
    l=1  Current bracket: (2, 6, 9) (879.4178391321386, 729.0490043837054, 752.2622749970709)
    l=1  Bisect at B = 4 with S = 724.8987927142297
    l=1      B: 3 <- 4    shrinking 4 -> 3
    l=1      B: 3 <- 4    B=3  niter:     1  count:    0  breaks:  0  min_S: 736.41172  max_S: 750.23008  S: 736.41172  ΔS:     -13.8184  moves:     4 
    l=1      B: 3 <- 4    B=3  niter:     2  count:    1  breaks:  1  min_S: 736.41172  max_S: 750.23008  S: 736.41172  ΔS:      0.00000  moves:     0 
    l=1  Current bracket: (2, 4, 6) (879.4178391321386, 724.8987927142297, 729.0490043837054)
    l=1  Bisect at B = 3 with S = 736.4117170934702
    l=1  Current bracket: (3, 4, 6) (736.4117170934702, 724.8987927142297, 729.0490043837054)
    l=1  Bisect at B = 5 with S = 727.24171219246
    l=1  Current bracket: (3, 4, 5) (736.4117170934702, 724.8987927142297, 727.24171219246)
    l=1  Bisect at B = 3 with S = 736.4117170934702
    l=1  Best result: B = 4, S = 724.8987927142297
level 1 : replaced (27, 1) -> (27, 4) , dS: -3086.6360481092706 3
    l=2      B: 3 <- 4    shrinking 4 -> 3
    l=2      B: 3 <- 4    B=3  niter:     1  count:    1  breaks:  1  min_S: 61.299183  max_S: 61.299183  S: 61.299183  ΔS:      0.00000  moves:     0 
    l=2  Current bracket: (2, 3, 4) (60.56357480473214, 61.299183187877304, 63.4539465626283)
    l=2  Current bracket: (2, 2, 3) (60.56357480473214, 60.56357480473214, 61.299183187877304)
    l=2  Bisect at B = 2 with S = 60.56357480473214
    l=2  Best result: B = 2, S = 60.56357480473214
level 2 : replaced (4, 1) -> (4, 2) , dS: -64.64854576392099 4
    l=3  Current bracket: (2, 2, 2) (29.732481258032013, 29.732481258032013, 29.732481258032013)
    l=3  Current bracket: (2, 2, 2) (29.732481258032013, 29.732481258032013, 29.732481258032013)
    l=3  Bisect at B = 2 with S = 29.73248125803201
    l=3  Best result: B = 2, S = 29.73248125803201
level 3 : rejected replacement (2, 1) -> (2, 2) , dS: 0.0
    l=3  Current bracket: (2, 2, 2) (29.732481258032013, 29.732481258032013, 29.732481258032013)
    l=3  Current bracket: (2, 2, 2) (29.732481258032013, 29.732481258032013, 29.732481258032013)
    l=3  Bisect at B = 2 with S = 29.73248125803201
    l=3  Best result: B = 2, S = 29.73248125803201
level 3 : rejected insert 2 , dS: 0.0
level 2 : skipping 2
    l=1      B: 14 <- 27    shrinking 27 -> 21
    l=1      B: 14 <- 27    B=21  niter:     1  count:    1  breaks:  1  min_S: 766.48016  max_S: 766.48016  S: 766.48016  ΔS:      0.00000  moves:     0 
    l=1      B: 14 <- 27    shrinking 21 -> 16
    l=1      B: 14 <- 27    B=16  niter:     1  count:    1  breaks:  1  min_S: 757.57561  max_S: 757.57561  S: 757.57561  ΔS:      0.00000  moves:     0 
    l=1      B: 14 <- 27    shrinking 16 -> 14
    l=1      B: 14 <- 27    B=14  niter:     1  count:    1  breaks:  1  min_S: 747.64682  max_S: 747.64682  S: 747.64682  ΔS:      0.00000  moves:     0 
    l=1  Current bracket: (2, 14, 27) (849.6853578741066, 747.6468177621946, 910.538512860463)
    l=1      B: 19 <- 21    shrinking 21 -> 19
    l=1      B: 19 <- 21    B=19  niter:     1  count:    1  breaks:  1  min_S: 762.34329  max_S: 762.34329  S: 762.34329  ΔS:      0.00000  moves:     0 
    l=1  Current bracket: (2, 14, 27) (849.6853578741066, 747.6468177621946, 910.538512860463)
    l=1  Bisect at B = 19 with S = 762.3432934454619
    l=1      B: 9 <- 14    shrinking 14 -> 11
    l=1      B: 9 <- 14    B=11  niter:     1  count:    0  breaks:  0  min_S: 735.79922  max_S: 739.88935  S: 735.79922  ΔS:     -4.09013  moves:     2 
    l=1      B: 9 <- 14    B=11  niter:     2  count:    1  breaks:  1  min_S: 735.79922  max_S: 739.88935  S: 735.79922  ΔS:      0.00000  moves:     0 
    l=1      B: 9 <- 14    shrinking 11 -> 9
    l=1      B: 9 <- 14    B=9  niter:     1  count:    0  breaks:  0  min_S: 721.10405  max_S: 726.67003  S: 721.10405  ΔS:     -5.56598  moves:     2 
    l=1      B: 9 <- 14    B=9  niter:     2  count:    1  breaks:  1  min_S: 721.10405  max_S: 726.67003  S: 721.10405  ΔS:      0.00000  moves:     0 
    l=1  Current bracket: (2, 14, 19) (849.6853578741066, 747.6468177621946, 762.3432934454619)
    l=1  Bisect at B = 9 with S = 721.1040497595372
    l=1      B: 6 <- 9    shrinking 9 -> 7
    l=1      B: 6 <- 9    B=7  niter:     1  count:    1  breaks:  1  min_S: 707.03063  max_S: 707.03063  S: 707.03063  ΔS:      0.00000  moves:     0 
    l=1      B: 6 <- 9    shrinking 7 -> 6
    l=1      B: 6 <- 9    B=6  niter:     1  count:    0  breaks:  0  min_S: 702.82204  max_S: 703.60337  S: 702.82204  ΔS:    -0.781324  moves:     1 
    l=1      B: 6 <- 9    B=6  niter:     2  count:    1  breaks:  1  min_S: 702.82204  max_S: 703.60337  S: 702.82204  ΔS:      0.00000  moves:     0 
    l=1  Current bracket: (2, 9, 14) (849.6853578741066, 721.1040497595372, 747.6468177621946)
    l=1  Bisect at B = 6 with S = 702.8220411627256
    l=1      B: 4 <- 6    shrinking 6 -> 5
    l=1      B: 4 <- 6    B=5  niter:     1  count:    1  breaks:  1  min_S: 701.01475  max_S: 701.01475  S: 701.01475  ΔS:      0.00000  moves:     0 
    l=1      B: 4 <- 6    shrinking 5 -> 4
    l=1      B: 4 <- 6    B=4  niter:     1  count:    1  breaks:  1  min_S: 699.16505  max_S: 699.16505  S: 699.16505  ΔS:      0.00000  moves:     0 
    l=1  Current bracket: (2, 6, 9) (849.6853578741066, 702.8220411627256, 721.1040497595372)
    l=1  Bisect at B = 4 with S = 699.1650489217692
    l=1      B: 3 <- 4    shrinking 4 -> 3
    l=1      B: 3 <- 4    B=3  niter:     1  count:    0  breaks:  0  min_S: 706.67924  max_S: 720.49760  S: 706.67924  ΔS:     -13.8184  moves:     4 
    l=1      B: 3 <- 4    B=3  niter:     2  count:    1  breaks:  1  min_S: 706.67924  max_S: 720.49760  S: 706.67924  ΔS:      0.00000  moves:     0 
    l=1  Current bracket: (2, 4, 6) (849.6853578741066, 699.1650489217692, 702.8220411627256)
    l=1  Bisect at B = 3 with S = 706.6792358354381
    l=1  Current bracket: (3, 4, 6) (706.6792358354381, 699.1650489217692, 702.8220411627256)
    l=1  Bisect at B = 5 with S = 701.0147489714802
    l=1  Current bracket: (3, 4, 5) (706.6792358354381, 699.1650489217692, 701.0147489714802)
    l=1  Bisect at B = 3 with S = 706.6792358354381
    l=1  Best result: B = 4, S = 699.1650489217692
level 1 : rejected replacement (27, 4) -> (27, 4) , dS: 3.9987374655902386
    l=1      B: 14 <- 27    shrinking 27 -> 21
    l=1      B: 14 <- 27    B=21  niter:     1  count:    1  breaks:  1  min_S: 767.40790  max_S: 767.40790  S: 767.40790  ΔS:      0.00000  moves:     0 
    l=1      B: 14 <- 27    shrinking 21 -> 16
    l=1      B: 14 <- 27    B=16  niter:     1  count:    0  breaks:  0  min_S: 757.52205  max_S: 757.90642  S: 757.52205  ΔS:    -0.384376  moves:     2 
    l=1      B: 14 <- 27    B=16  niter:     2  count:    1  breaks:  1  min_S: 757.52205  max_S: 757.90642  S: 757.52205  ΔS:      0.00000  moves:     0 
    l=1      B: 14 <- 27    shrinking 16 -> 14
    l=1      B: 14 <- 27    B=14  niter:     1  count:    0  breaks:  0  min_S: 748.61734  max_S: 748.92056  S: 748.61734  ΔS:    -0.303224  moves:     1 
    l=1      B: 14 <- 27    B=14  niter:     2  count:    1  breaks:  1  min_S: 748.61734  max_S: 748.92056  S: 748.61734  ΔS:      0.00000  moves:     0 
    l=1  Current bracket: (2, 14, 27) (849.6853578741066, 748.6173379968855, 910.538512860463)
    l=1      B: 19 <- 21    shrinking 21 -> 19
    l=1      B: 19 <- 21    B=19  niter:     1  count:    1  breaks:  1  min_S: 759.63770  max_S: 759.63770  S: 759.63770  ΔS:      0.00000  moves:     0 
    l=1  Current bracket: (2, 14, 27) (849.6853578741066, 748.6173379968855, 910.538512860463)
    l=1  Bisect at B = 19 with S = 759.637702534398
    l=1      B: 9 <- 14    shrinking 14 -> 11
    l=1      B: 9 <- 14    B=11  niter:     1  count:    1  breaks:  1  min_S: 743.12478  max_S: 743.12478  S: 743.12478  ΔS:      0.00000  moves:     0 
    l=1      B: 9 <- 14    shrinking 11 -> 9
    l=1      B: 9 <- 14    B=9  niter:     1  count:    1  breaks:  1  min_S: 730.22254  max_S: 730.22254  S: 730.22254  ΔS:      0.00000  moves:     0 
    l=1  Current bracket: (2, 14, 19) (849.6853578741066, 748.6173379968855, 759.637702534398)
    l=1  Bisect at B = 9 with S = 730.2225360607682
    l=1      B: 6 <- 9    shrinking 9 -> 7
    l=1      B: 6 <- 9    B=7  niter:     1  count:    1  breaks:  1  min_S: 719.02153  max_S: 719.02153  S: 719.02153  ΔS:      0.00000  moves:     0 
    l=1      B: 6 <- 9    shrinking 7 -> 6
    l=1      B: 6 <- 9    B=6  niter:     1  count:    1  breaks:  1  min_S: 715.99570  max_S: 715.99570  S: 715.99570  ΔS:      0.00000  moves:     0 
    l=1  Current bracket: (2, 9, 14) (849.6853578741066, 730.2225360607682, 748.6173379968855)
    l=1  Bisect at B = 6 with S = 715.9957044140781
    l=1      B: 4 <- 6    shrinking 6 -> 5
    l=1      B: 4 <- 6    B=5  niter:     1  count:    1  breaks:  1  min_S: 714.18841  max_S: 714.18841  S: 714.18841  ΔS:      0.00000  moves:     0 
    l=1      B: 4 <- 6    shrinking 5 -> 4
    l=1      B: 4 <- 6    B=4  niter:     1  count:    1  breaks:  1  min_S: 718.57219  max_S: 718.57219  S: 718.57219  ΔS:      0.00000  moves:     0 
    l=1  Current bracket: (2, 6, 9) (849.6853578741066, 715.9957044140781, 730.2225360607682)
    l=1  Bisect at B = 4 with S = 718.5721904331028
    l=1  Current bracket: (4, 6, 9) (718.5721904331028, 715.9957044140781, 730.2225360607682)
    l=1  Bisect at B = 7 with S = 719.0215277210991
    l=1  Current bracket: (4, 6, 7) (718.5721904331028, 715.9957044140781, 719.0215277210991)
    l=1  Bisect at B = 5 with S = 714.1884122228328
    l=1  Best result: B = 5, S = 714.1884122228328
level 1 : rejected insert 27 , dS: 79.87525575328618
    l=0      B: 2416 <- 5000    shrinking 5000 -> 3846
    l=0      B: 2416 <- 5000    B=3846  niter:     1  count:    0  breaks:  0  min_S: 5173904.1  max_S: 5328447.8  S: 5173904.1  ΔS:     -154544.  moves:  1620 
    l=0      B: 2416 <- 5000    B=3846  niter:     2  count:    0  breaks:  0  min_S: 5158750.9  max_S: 5328447.8  S: 5158750.9  ΔS:     -15153.1  moves:   578 
    l=0      B: 2416 <- 5000    B=3846  niter:     3  count:    0  breaks:  0  min_S: 5153144.8  max_S: 5328447.8  S: 5153144.8  ΔS:     -5606.13  moves:   329 
    l=0      B: 2416 <- 5000    B=3846  niter:     4  count:    0  breaks:  0  min_S: 5150283.8  max_S: 5328447.8  S: 5150283.8  ΔS:     -2861.05  moves:   192 
    l=0      B: 2416 <- 5000    B=3846  niter:     5  count:    0  breaks:  0  min_S: 5148351.5  max_S: 5328447.8  S: 5148351.5  ΔS:     -1932.30  moves:   162 
    l=0      B: 2416 <- 5000    B=3846  niter:     6  count:    0  breaks:  0  min_S: 5147644.0  max_S: 5328447.8  S: 5147644.0  ΔS:     -707.455  moves:   125 
    l=0      B: 2416 <- 5000    B=3846  niter:     7  count:    0  breaks:  0  min_S: 5146317.5  max_S: 5328447.8  S: 5146317.5  ΔS:     -1326.45  moves:    83 
    l=0      B: 2416 <- 5000    B=3846  niter:     8  count:    0  breaks:  0  min_S: 5145167.8  max_S: 5328447.8  S: 5145167.8  ΔS:     -1149.74  moves:    88 
    l=0      B: 2416 <- 5000    B=3846  niter:     9  count:    0  breaks:  0  min_S: 5144513.0  max_S: 5328447.8  S: 5144513.0  ΔS:     -654.853  moves:    75 
    l=0      B: 2416 <- 5000    B=3846  niter:    10  count:    1  breaks:  1  min_S: 5144513.0  max_S: 5328447.8  S: 5144341.4  ΔS:     -171.544  moves:    55 
    l=0      B: 2416 <- 5000    shrinking 3743 -> 2879
    l=0      B: 2416 <- 5000    B=2879  niter:     1  count:    0  breaks:  0  min_S: 4313043.7  max_S: 4378583.0  S: 4313043.7  ΔS:     -65539.3  moves:  1587 
    l=0      B: 2416 <- 5000    B=2879  niter:     2  count:    0  breaks:  0  min_S: 4298024.1  max_S: 4378583.0  S: 4298024.1  ΔS:     -15019.6  moves:   830 
    l=0      B: 2416 <- 5000    B=2879  niter:     3  count:    0  breaks:  0  min_S: 4289183.3  max_S: 4378583.0  S: 4289183.3  ΔS:     -8840.77  moves:   594 
    l=0      B: 2416 <- 5000    B=2879  niter:     4  count:    0  breaks:  0  min_S: 4283280.0  max_S: 4378583.0  S: 4283280.0  ΔS:     -5903.37  moves:   485 
    l=0      B: 2416 <- 5000    B=2879  niter:     5  count:    0  breaks:  0  min_S: 4278800.6  max_S: 4378583.0  S: 4278800.6  ΔS:     -4479.35  moves:   418 
    l=0      B: 2416 <- 5000    B=2879  niter:     6  count:    0  breaks:  0  min_S: 4275317.0  max_S: 4378583.0  S: 4275317.0  ΔS:     -3483.57  moves:   355 
    l=0      B: 2416 <- 5000    B=2879  niter:     7  count:    0  breaks:  0  min_S: 4272998.5  max_S: 4378583.0  S: 4272998.5  ΔS:     -2318.55  moves:   274 
    l=0      B: 2416 <- 5000    B=2879  niter:     8  count:    0  breaks:  0  min_S: 4270594.3  max_S: 4378583.0  S: 4270594.3  ΔS:     -2404.14  moves:   240 
    l=0      B: 2416 <- 5000    B=2879  niter:     9  count:    0  breaks:  0  min_S: 4268733.8  max_S: 4378583.0  S: 4268733.8  ΔS:     -1860.50  moves:   234 
    l=0      B: 2416 <- 5000    B=2879  niter:    10  count:    0  breaks:  0  min_S: 4267006.3  max_S: 4378583.0  S: 4267006.3  ΔS:     -1727.50  moves:   207 
    l=0      B: 2416 <- 5000    B=2879  niter:    11  count:    0  breaks:  0  min_S: 4265970.7  max_S: 4378583.0  S: 4265970.7  ΔS:     -1035.61  moves:   180 
    l=0      B: 2416 <- 5000    B=2879  niter:    12  count:    0  breaks:  0  min_S: 4264883.4  max_S: 4378583.0  S: 4264883.4  ΔS:     -1087.36  moves:   164 
    l=0      B: 2416 <- 5000    B=2879  niter:    13  count:    0  breaks:  0  min_S: 4263708.0  max_S: 4378583.0  S: 4263708.0  ΔS:     -1175.35  moves:   168 
    l=0      B: 2416 <- 5000    B=2879  niter:    14  count:    0  breaks:  0  min_S: 4263011.3  max_S: 4378583.0  S: 4263011.3  ΔS:     -696.758  moves:   141 
    l=0      B: 2416 <- 5000    B=2879  niter:    15  count:    0  breaks:  0  min_S: 4262243.8  max_S: 4378583.0  S: 4262243.8  ΔS:     -767.497  moves:   128 
    l=0      B: 2416 <- 5000    B=2879  niter:    16  count:    0  breaks:  0  min_S: 4261565.7  max_S: 4378583.0  S: 4261565.7  ΔS:     -678.103  moves:   106 
    l=0      B: 2416 <- 5000    B=2879  niter:    17  count:    0  breaks:  0  min_S: 4260997.3  max_S: 4378583.0  S: 4260997.3  ΔS:     -568.417  moves:   103 
    l=0      B: 2416 <- 5000    B=2879  niter:    18  count:    0  breaks:  0  min_S: 4260358.8  max_S: 4378583.0  S: 4260358.8  ΔS:     -638.468  moves:   104 
    l=0      B: 2416 <- 5000    B=2879  niter:    19  count:    0  breaks:  0  min_S: 4259889.2  max_S: 4378583.0  S: 4259889.2  ΔS:     -469.632  moves:    93 
    l=0      B: 2416 <- 5000    B=2879  niter:    20  count:    1  breaks:  1  min_S: 4259889.2  max_S: 4378583.0  S: 4259558.1  ΔS:     -331.058  moves:    84 
    l=0      B: 2416 <- 5000    shrinking 2797 -> 2416
    l=0      B: 2416 <- 5000    B=2416  niter:     1  count:    0  breaks:  0  min_S: 4071221.5  max_S: 4078768.3  S: 4071221.5  ΔS:     -7546.85  moves:   779 
    l=0      B: 2416 <- 5000    B=2416  niter:     2  count:    0  breaks:  0  min_S: 4066672.1  max_S: 4078768.3  S: 4066672.1  ΔS:     -4549.34  moves:   856 
    l=0      B: 2416 <- 5000    B=2416  niter:     3  count:    0  breaks:  0  min_S: 4064177.1  max_S: 4078768.3  S: 4064177.1  ΔS:     -2495.02  moves:   714 
    l=0      B: 2416 <- 5000    B=2416  niter:     4  count:    0  breaks:  0  min_S: 4062643.3  max_S: 4078768.3  S: 4062643.3  ΔS:     -1533.83  moves:   549 
    l=0      B: 2416 <- 5000    B=2416  niter:     5  count:    0  breaks:  0  min_S: 4061300.6  max_S: 4078768.3  S: 4061300.6  ΔS:     -1342.69  moves:   353 
    l=0      B: 2416 <- 5000    B=2416  niter:     6  count:    0  breaks:  0  min_S: 4060552.6  max_S: 4078768.3  S: 4060552.6  ΔS:     -747.950  moves:   223 
    l=0      B: 2416 <- 5000    B=2416  niter:     7  count:    1  breaks:  1  min_S: 4060552.6  max_S: 4078768.3  S: 4060199.2  ΔS:     -353.407  moves:   160 
    l=0  Current bracket: (4, 2416, 5000) (4037679.609836234, 4060199.2080475744, 5584495.721690167)
    l=0      B: 1429 <- 2416    shrinking 2336 -> 1797
    l=0      B: 1429 <- 2416    B=1797  niter:     1  count:    0  breaks:  0  min_S: 4043654.1  max_S: 4044216.5  S: 4043654.1  ΔS:     -562.404  moves:   338 
    l=0      B: 1429 <- 2416    B=1797  niter:     2  count:    1  breaks:  1  min_S: 4043654.1  max_S: 4044216.5  S: 4043475.3  ΔS:     -178.751  moves:   180 
    l=0      B: 1429 <- 2416    shrinking 1775 -> 1429
    l=0      B: 1429 <- 2416    B=1429  niter:     1  count:    0  breaks:  0  min_S: 4037615.0  max_S: 4038163.0  S: 4037615.0  ΔS:     -548.097  moves:   219 
    l=0      B: 1429 <- 2416    B=1429  niter:     2  count:    0  breaks:  0  min_S: 4037144.8  max_S: 4038163.0  S: 4037144.8  ΔS:     -470.185  moves:   172 
    l=0      B: 1429 <- 2416    B=1429  niter:     3  count:    1  breaks:  1  min_S: 4037144.8  max_S: 4038163.0  S: 4036877.5  ΔS:     -267.287  moves:    86 
    l=0  Current bracket: (4, 1429, 2416) (4037679.609836234, 4036877.4814411527, 4060199.2080475744)
    l=0      B: 819 <- 1429    shrinking 1422 -> 1094
    l=0      B: 819 <- 1429    B=1094  niter:     1  count:    1  breaks:  1  min_S: 4031234.0  max_S: 4031234.0  S: 4031130.6  ΔS:     -103.387  moves:    40 
    l=0      B: 819 <- 1429    shrinking 1094 -> 842
    l=0      B: 819 <- 1429    B=842  niter:     1  count:    1  breaks:  1  min_S: 4026841.5  max_S: 4026841.5  S: 4026753.3  ΔS:     -88.1815  moves:    48 
    l=0      B: 819 <- 1429    shrinking 842 -> 819
    l=0      B: 819 <- 1429    B=819  niter:     1  count:    1  breaks:  1  min_S: 4026340.7  max_S: 4026340.7  S: 4026302.2  ΔS:     -38.5639  moves:    27 
    l=0  Current bracket: (4, 1429, 2416) (4037679.609836234, 4036877.4814411527, 4060199.2080475744)
    l=0  Bisect at B = 819 with S = 4026302.151043146
    l=0      B: 442 <- 819    shrinking 819 -> 630
    l=0      B: 442 <- 819    B=630  niter:     1  count:    1  breaks:  1  min_S: 4022921.3  max_S: 4022921.3  S: 4022912.1  ΔS:     -9.14616  moves:    21 
    l=0      B: 442 <- 819    shrinking 630 -> 485
    l=0      B: 442 <- 819    B=485  niter:     1  count:    1  breaks:  1  min_S: 4020561.8  max_S: 4020561.8  S: 4020513.9  ΔS:     -47.9364  moves:    26 
    l=0      B: 442 <- 819    shrinking 485 -> 442
    l=0      B: 442 <- 819    B=442  niter:     1  count:    1  breaks:  1  min_S: 4020122.4  max_S: 4020122.4  S: 4020094.9  ΔS:     -27.4489  moves:    21 
    l=0  Current bracket: (4, 819, 1429) (4037679.609836234, 4026302.151043146, 4036877.4814411527)
    l=0  Bisect at B = 442 with S = 4020094.919777594
    l=0      B: 209 <- 442    shrinking 442 -> 340
    l=0      B: 209 <- 442    B=340  niter:     1  count:    1  breaks:  1  min_S: 4019363.6  max_S: 4019363.6  S: 4019318.1  ΔS:     -45.4704  moves:    15 
    l=0      B: 209 <- 442    shrinking 340 -> 262
    l=0      B: 209 <- 442    B=262  niter:     1  count:    1  breaks:  1  min_S: 4018644.7  max_S: 4018644.7  S: 4018625.8  ΔS:     -18.8418  moves:    10 
    l=0      B: 209 <- 442    shrinking 262 -> 209
    l=0      B: 209 <- 442    B=209  niter:     1  count:    1  breaks:  1  min_S: 4018099.4  max_S: 4018099.4  S: 4018082.2  ΔS:     -17.2182  moves:     9 
    l=0  Current bracket: (4, 442, 819) (4037679.609836234, 4020094.9197775936, 4026302.151043146)
    l=0  Bisect at B = 209 with S = 4018082.227090862
    l=0      B: 298 <- 340    shrinking 340 -> 298
    l=0      B: 298 <- 340    B=298  niter:     1  count:    1  breaks:  1  min_S: 4018944.1  max_S: 4018944.1  S: 4018922.2  ΔS:     -21.9827  moves:    15 
    l=0  Current bracket: (4, 209, 442) (4037679.609836234, 4018082.227090862, 4020094.9197775936)
    l=0  Bisect at B = 298 with S = 4018922.159280621
    l=0      B: 120 <- 209    shrinking 209 -> 161
    l=0      B: 120 <- 209    B=161  niter:     1  count:    1  breaks:  1  min_S: 4017579.2  max_S: 4017579.2  S: 4017567.0  ΔS:     -12.1904  moves:    10 
    l=0      B: 120 <- 209    shrinking 161 -> 124
    l=0      B: 120 <- 209    B=124  niter:     1  count:    1  breaks:  1  min_S: 4017099.0  max_S: 4017099.0  S: 4017063.1  ΔS:     -35.9686  moves:    17 
    l=0      B: 120 <- 209    shrinking 124 -> 120
    l=0      B: 120 <- 209    B=120  niter:     1  count:    1  breaks:  1  min_S: 4017003.2  max_S: 4017003.2  S: 4016996.7  ΔS:     -6.44910  moves:     9 
    l=0  Current bracket: (4, 209, 298) (4037679.609836234, 4018082.227090862, 4018922.1592806214)
    l=0  Bisect at B = 120 with S = 4016996.749772514
    l=0      B: 65 <- 120    shrinking 120 -> 92
    l=0      B: 65 <- 120    B=92  niter:     1  count:    1  breaks:  1  min_S: 4016647.5  max_S: 4016647.5  S: 4016637.8  ΔS:     -9.66855  moves:     9 
    l=0      B: 65 <- 120    shrinking 92 -> 71
    l=0      B: 65 <- 120    B=71  niter:     1  count:    1  breaks:  1  min_S: 4016410.0  max_S: 4016410.0  S: 4016385.0  ΔS:     -25.0306  moves:    12 
    l=0      B: 65 <- 120    shrinking 71 -> 65
    l=0      B: 65 <- 120    B=65  niter:     1  count:    1  breaks:  1  min_S: 4016276.7  max_S: 4016276.7  S: 4016268.6  ΔS:     -8.15078  moves:     7 
    l=0  Current bracket: (4, 120, 209) (4037679.609836234, 4016996.749772514, 4018082.227090862)
    l=0  Bisect at B = 65 with S = 4016268.58037164
    l=0      B: 31 <- 65    shrinking 65 -> 50
    l=0      B: 31 <- 65    B=50  niter:     1  count:    1  breaks:  1  min_S: 4016090.5  max_S: 4016090.5  S: 4016090.4  ΔS:    -0.118002  moves:     1 
    l=0      B: 31 <- 65    shrinking 50 -> 38
    l=0      B: 31 <- 65    B=38  niter:     1  count:    1  breaks:  1  min_S: 4015971.9  max_S: 4015971.9  S: 4015958.4  ΔS:     -13.4650  moves:     7 
    l=0      B: 31 <- 65    shrinking 38 -> 31
    l=0      B: 31 <- 65    B=31  niter:     1  count:    1  breaks:  1  min_S: 4015943.3  max_S: 4015943.3  S: 4015929.6  ΔS:     -13.7414  moves:     6 
    l=0  Current bracket: (4, 65, 120) (4037679.609836234, 4016268.58037164, 4016996.749772514)
    l=0  Bisect at B = 31 with S = 4015929.55753641
    l=0      B: 44 <- 50    shrinking 50 -> 44
    l=0      B: 44 <- 50    B=44  niter:     1  count:    1  breaks:  1  min_S: 4016047.4  max_S: 4016047.4  S: 4016032.1  ΔS:     -15.2577  moves:     8 
    l=0  Current bracket: (4, 31, 65) (4037679.609836234, 4015929.5575364097, 4016268.58037164)
    l=0  Bisect at B = 44 with S = 4016032.108122908
    l=0      B: 18 <- 31    shrinking 31 -> 24
    l=0      B: 18 <- 31    B=24  niter:     1  count:    1  breaks:  1  min_S: 4016083.9  max_S: 4016083.9  S: 4016073.2  ΔS:     -10.7434  moves:    10 
    l=0      B: 18 <- 31    shrinking 24 -> 18
    l=0      B: 18 <- 31    B=18  niter:     1  count:    1  breaks:  1  min_S: 4016350.0  max_S: 4016350.0  S: 4016310.7  ΔS:     -39.2674  moves:    12 
    l=0  Current bracket: (4, 31, 44) (4037679.609836234, 4015929.5575364097, 4016032.1081229076)
    l=0  Bisect at B = 18 with S = 4016310.720794472
    l=0      B: 23 <- 24    shrinking 24 -> 23
    l=0      B: 23 <- 24    B=23  niter:     1  count:    1  breaks:  1  min_S: 4016045.8  max_S: 4016045.8  S: 4016027.5  ΔS:     -18.3187  moves:     8 
    l=0  Current bracket: (18, 31, 44) (4016310.720794472, 4015929.5575364097, 4016032.1081229076)
    l=0  Bisect at B = 23 with S = 4016027.527676325
    l=0      B: 36 <- 38    shrinking 38 -> 36
    l=0      B: 36 <- 38    B=36  niter:     1  count:    1  breaks:  1  min_S: 4015923.6  max_S: 4015923.6  S: 4015914.9  ΔS:     -8.70605  moves:     5 
    l=0  Current bracket: (23, 31, 44) (4016027.527676325, 4015929.5575364097, 4016032.1081229076)
    l=0  Bisect at B = 36 with S = 4015914.932028445
    l=0      B: 39 <- 44    shrinking 44 -> 39
    l=0      B: 39 <- 44    B=39  niter:     1  count:    1  breaks:  1  min_S: 4015935.6  max_S: 4015935.6  S: 4015924.2  ΔS:     -11.4521  moves:     7 
    l=0  Current bracket: (31, 36, 44) (4015929.5575364097, 4015914.9320284454, 4016032.1081229076)
    l=0  Bisect at B = 39 with S = 4015924.181006671
    l=0      B: 33 <- 36    shrinking 36 -> 33
    l=0      B: 33 <- 36    B=33  niter:     1  count:    1  breaks:  1  min_S: 4015895.1  max_S: 4015895.1  S: 4015884.3  ΔS:     -10.8145  moves:     5 
    l=0  Current bracket: (31, 36, 39) (4015929.5575364097, 4015914.9320284454, 4015924.1810066714)
    l=0  Bisect at B = 33 with S = 4015884.296273796
    l=0      B: 34 <- 36    shrinking 36 -> 34
    l=0      B: 34 <- 36    B=34  niter:     1  count:    1  breaks:  1  min_S: 4015884.9  max_S: 4015884.9  S: 4015879.9  ΔS:     -4.92966  moves:     4 
    l=0  Current bracket: (31, 33, 36) (4015929.5575364097, 4015884.296273796, 4015914.9320284454)
    l=0  Bisect at B = 34 with S = 4015879.938041793
    l=0      B: 35 <- 36    shrinking 36 -> 35
    l=0      B: 35 <- 36    B=35  niter:     1  count:    1  breaks:  1  min_S: 4015897.9  max_S: 4015897.9  S: 4015882.0  ΔS:     -15.9393  moves:     7 
    l=0  Current bracket: (33, 34, 36) (4015884.296273796, 4015879.9380417927, 4015914.9320284454)
    l=0  Bisect at B = 35 with S = 4015882.00227255
    l=0  Current bracket: (33, 34, 35) (4015884.296273796, 4015879.9380417927, 4015882.0022725496)
    l=0  Bisect at B = 33 with S = 4015884.296273796
    l=0  Best result: B = 34, S = 4015879.938041793
level 0 : replaced (5000, 27) -> (5000, 34) , dS: -224.15428531263024 4
    l=1      B: 21 <- 34    shrinking 34 -> 26
    l=1      B: 21 <- 34    B=26  niter:     1  count:    1  breaks:  1  min_S: 982.54406  max_S: 982.54406  S: 982.54406  ΔS:      0.00000  moves:     0 
    l=1      B: 21 <- 34    shrinking 26 -> 21
    l=1      B: 21 <- 34    B=21  niter:     1  count:    1  breaks:  1  min_S: 965.36846  max_S: 965.36846  S: 965.36846  ΔS:      0.00000  moves:     0 
    l=1  Current bracket: (2, 21, 34) (1076.9272435700739, 965.3684552722701, 1161.3438260857704)
    l=1      B: 13 <- 21    shrinking 21 -> 16
    l=1      B: 13 <- 21    B=16  niter:     1  count:    0  breaks:  0  min_S: 942.94582  max_S: 948.13261  S: 942.94582  ΔS:     -5.18678  moves:     2 
    l=1      B: 13 <- 21    B=16  niter:     2  count:    0  breaks:  0  min_S: 942.09300  max_S: 948.13261  S: 942.09300  ΔS:    -0.852823  moves:     1 
    l=1      B: 13 <- 21    B=16  niter:     3  count:    1  breaks:  1  min_S: 942.09300  max_S: 948.13261  S: 942.09300  ΔS:      0.00000  moves:     0 
    l=1      B: 13 <- 21    shrinking 16 -> 13
    l=1      B: 13 <- 21    B=13  niter:     1  count:    1  breaks:  1  min_S: 929.63999  max_S: 929.63999  S: 929.63999  ΔS:      0.00000  moves:     0 
    l=1  Current bracket: (2, 21, 34) (1076.9272435700739, 965.3684552722701, 1161.3438260857704)
    l=1  Bisect at B = 13 with S = 929.6399926392422
    l=1      B: 8 <- 13    shrinking 13 -> 10
    l=1      B: 8 <- 13    B=10  niter:     1  count:    1  breaks:  1  min_S: 907.17709  max_S: 907.17709  S: 907.17709  ΔS:      0.00000  moves:     0 
    l=1      B: 8 <- 13    shrinking 10 -> 8
    l=1      B: 8 <- 13    B=8  niter:     1  count:    0  breaks:  0  min_S: 892.84909  max_S: 895.28469  S: 892.84909  ΔS:     -2.43560  moves:     1 
    l=1      B: 8 <- 13    B=8  niter:     2  count:    1  breaks:  1  min_S: 892.84909  max_S: 895.28469  S: 892.84909  ΔS:      0.00000  moves:     0 
    l=1  Current bracket: (2, 13, 21) (1076.9272435700739, 929.6399926392422, 965.3684552722701)
    l=1  Bisect at B = 8 with S = 892.8490919616552
    l=1      B: 5 <- 8    shrinking 8 -> 6
    l=1      B: 5 <- 8    B=6  niter:     1  count:    0  breaks:  0  min_S: 874.35661  max_S: 876.80971  S: 874.35661  ΔS:     -2.45309  moves:     1 
    l=1      B: 5 <- 8    B=6  niter:     2  count:    1  breaks:  1  min_S: 874.35661  max_S: 876.80971  S: 874.35661  ΔS:      0.00000  moves:     0 
    l=1      B: 5 <- 8    shrinking 6 -> 5
    l=1      B: 5 <- 8    B=5  niter:     1  count:    0  breaks:  0  min_S: 871.36707  max_S: 872.25694  S: 871.36707  ΔS:    -0.889868  moves:     1 
    l=1      B: 5 <- 8    B=5  niter:     2  count:    1  breaks:  1  min_S: 871.36707  max_S: 872.25694  S: 871.36707  ΔS:      0.00000  moves:     0 
    l=1  Current bracket: (2, 8, 13) (1076.9272435700739, 892.8490919616552, 929.6399926392422)
    l=1  Bisect at B = 5 with S = 871.3670710223231
    l=1      B: 3 <- 5    shrinking 5 -> 4
    l=1      B: 3 <- 5    B=4  niter:     1  count:    1  breaks:  1  min_S: 860.83228  max_S: 860.83228  S: 860.83228  ΔS:      0.00000  moves:     0 
    l=1      B: 3 <- 5    shrinking 4 -> 3
    l=1      B: 3 <- 5    B=3  niter:     1  count:    1  breaks:  1  min_S: 888.03622  max_S: 888.03622  S: 888.03622  ΔS:      0.00000  moves:     0 
    l=1  Current bracket: (2, 5, 8) (1076.9272435700739, 871.3670710223231, 892.8490919616552)
    l=1  Bisect at B = 3 with S = 888.0362185020837
    l=1  Current bracket: (3, 5, 8) (888.0362185020837, 871.3670710223231, 892.8490919616552)
    l=1  Bisect at B = 6 with S = 874.3566128125163
    l=1  Current bracket: (3, 5, 6) (888.0362185020837, 871.3670710223231, 874.3566128125163)
    l=1  Bisect at B = 4 with S = 860.8322796968614
    l=1  Best result: B = 4, S = 860.8322796968614
level 1 : replaced (34, 4) -> (34, 4) , dS: -43.82110836869106 4
    l=2      B: 3 <- 4    shrinking 4 -> 3
    l=2      B: 3 <- 4    B=3  niter:     1  count:    1  breaks:  1  min_S: 61.299183  max_S: 61.299183  S: 61.299183  ΔS:      0.00000  moves:     0 
    l=2  Current bracket: (2, 3, 4) (60.56357480473214, 61.299183187877304, 63.4539465626283)
    l=2  Current bracket: (2, 2, 3) (60.56357480473214, 60.56357480473214, 61.299183187877304)
    l=2  Bisect at B = 2 with S = 60.56357480473214
    l=2  Best result: B = 2, S = 60.56357480473214
level 2 : rejected replacement (4, 2) -> (4, 2) , dS: 0.0
    l=2      B: 3 <- 4    shrinking 4 -> 3
    l=2      B: 3 <- 4    B=3  niter:     1  count:    1  breaks:  1  min_S: 61.299183  max_S: 61.299183  S: 61.299183  ΔS:      0.00000  moves:     0 
    l=2  Current bracket: (2, 3, 4) (60.56357480473214, 61.299183187877304, 63.4539465626283)
    l=2  Current bracket: (2, 2, 3) (60.56357480473214, 60.56357480473214, 61.299183187877304)
    l=2  Bisect at B = 2 with S = 60.56357480473214
    l=2  Best result: B = 2, S = 60.56357480473214
level 2 : rejected insert 4 , dS: 2.8903717580251396
level 1 : skipping 4
    l=0      B: 2416 <- 5000    shrinking 5000 -> 3846
    l=0      B: 2416 <- 5000    B=3846  niter:     1  count:    0  breaks:  0  min_S: 5166828.7  max_S: 5317115.6  S: 5166828.7  ΔS:     -150287.  moves:  1618 
    l=0      B: 2416 <- 5000    B=3846  niter:     2  count:    0  breaks:  0  min_S: 5151436.4  max_S: 5317115.6  S: 5151436.4  ΔS:     -15392.3  moves:   556 
    l=0      B: 2416 <- 5000    B=3846  niter:     3  count:    0  breaks:  0  min_S: 5146316.7  max_S: 5317115.6  S: 5146316.7  ΔS:     -5119.63  moves:   291 
    l=0      B: 2416 <- 5000    B=3846  niter:     4  count:    0  breaks:  0  min_S: 5143190.5  max_S: 5317115.6  S: 5143190.5  ΔS:     -3126.21  moves:   219 
    l=0      B: 2416 <- 5000    B=3846  niter:     5  count:    0  breaks:  0  min_S: 5141651.2  max_S: 5317115.6  S: 5141651.2  ΔS:     -1539.29  moves:   145 
    l=0      B: 2416 <- 5000    B=3846  niter:     6  count:    0  breaks:  0  min_S: 5139787.1  max_S: 5317115.6  S: 5139787.1  ΔS:     -1864.13  moves:   111 
    l=0      B: 2416 <- 5000    B=3846  niter:     7  count:    0  breaks:  0  min_S: 5139021.1  max_S: 5317115.6  S: 5139021.1  ΔS:     -765.990  moves:    99 
    l=0      B: 2416 <- 5000    B=3846  niter:     8  count:    0  breaks:  0  min_S: 5138442.9  max_S: 5317115.6  S: 5138442.9  ΔS:     -578.183  moves:    86 
    l=0      B: 2416 <- 5000    B=3846  niter:     9  count:    0  breaks:  0  min_S: 5137822.9  max_S: 5317115.6  S: 5137822.9  ΔS:     -620.025  moves:    81 
    l=0      B: 2416 <- 5000    B=3846  niter:    10  count:    1  breaks:  1  min_S: 5137822.9  max_S: 5317115.6  S: 5137648.3  ΔS:     -174.625  moves:    57 
    l=0      B: 2416 <- 5000    shrinking 3750 -> 2885
    l=0      B: 2416 <- 5000    B=2885  niter:     1  count:    0  breaks:  0  min_S: 4285763.5  max_S: 4342363.2  S: 4285763.5  ΔS:     -56599.7  moves:  1571 
    l=0      B: 2416 <- 5000    B=2885  niter:     2  count:    0  breaks:  0  min_S: 4273226.1  max_S: 4342363.2  S: 4273226.1  ΔS:     -12537.4  moves:   847 
    l=0      B: 2416 <- 5000    B=2885  niter:     3  count:    0  breaks:  0  min_S: 4264754.9  max_S: 4342363.2  S: 4264754.9  ΔS:     -8471.21  moves:   628 
    l=0      B: 2416 <- 5000    B=2885  niter:     4  count:    0  breaks:  0  min_S: 4258357.8  max_S: 4342363.2  S: 4258357.8  ΔS:     -6397.14  moves:   540 
    l=0      B: 2416 <- 5000    B=2885  niter:     5  count:    0  breaks:  0  min_S: 4254698.6  max_S: 4342363.2  S: 4254698.6  ΔS:     -3659.16  moves:   392 
    l=0      B: 2416 <- 5000    B=2885  niter:     6  count:    0  breaks:  0  min_S: 4252036.1  max_S: 4342363.2  S: 4252036.1  ΔS:     -2662.54  moves:   327 
    l=0      B: 2416 <- 5000    B=2885  niter:     7  count:    0  breaks:  0  min_S: 4249552.4  max_S: 4342363.2  S: 4249552.4  ΔS:     -2483.64  moves:   278 
    l=0      B: 2416 <- 5000    B=2885  niter:     8  count:    0  breaks:  0  min_S: 4247973.3  max_S: 4342363.2  S: 4247973.3  ΔS:     -1579.17  moves:   250 
    l=0      B: 2416 <- 5000    B=2885  niter:     9  count:    0  breaks:  0  min_S: 4246380.4  max_S: 4342363.2  S: 4246380.4  ΔS:     -1592.85  moves:   208 
    l=0      B: 2416 <- 5000    B=2885  niter:    10  count:    0  breaks:  0  min_S: 4244962.4  max_S: 4342363.2  S: 4244962.4  ΔS:     -1418.02  moves:   203 
    l=0      B: 2416 <- 5000    B=2885  niter:    11  count:    0  breaks:  0  min_S: 4244050.5  max_S: 4342363.2  S: 4244050.5  ΔS:     -911.847  moves:   185 
    l=0      B: 2416 <- 5000    B=2885  niter:    12  count:    0  breaks:  0  min_S: 4242926.9  max_S: 4342363.2  S: 4242926.9  ΔS:     -1123.64  moves:   146 
    l=0      B: 2416 <- 5000    B=2885  niter:    13  count:    0  breaks:  0  min_S: 4241959.1  max_S: 4342363.2  S: 4241959.1  ΔS:     -967.817  moves:   136 
    l=0      B: 2416 <- 5000    B=2885  niter:    14  count:    0  breaks:  0  min_S: 4240960.2  max_S: 4342363.2  S: 4240960.2  ΔS:     -998.899  moves:   130 
    l=0      B: 2416 <- 5000    B=2885  niter:    15  count:    0  breaks:  0  min_S: 4240103.6  max_S: 4342363.2  S: 4240103.6  ΔS:     -856.602  moves:   136 
    l=0      B: 2416 <- 5000    B=2885  niter:    16  count:    0  breaks:  0  min_S: 4239616.5  max_S: 4342363.2  S: 4239616.5  ΔS:     -487.107  moves:    96 
    l=0      B: 2416 <- 5000    B=2885  niter:    17  count:    0  breaks:  0  min_S: 4239087.5  max_S: 4342363.2  S: 4239087.5  ΔS:     -528.948  moves:    94 
    l=0      B: 2416 <- 5000    B=2885  niter:    18  count:    0  breaks:  0  min_S: 4238451.1  max_S: 4342363.2  S: 4238451.1  ΔS:     -636.436  moves:    94 
    l=0      B: 2416 <- 5000    B=2885  niter:    19  count:    0  breaks:  0  min_S: 4237970.2  max_S: 4342363.2  S: 4237970.2  ΔS:     -480.896  moves:    85 
    l=0      B: 2416 <- 5000    B=2885  niter:    20  count:    0  breaks:  0  min_S: 4237189.3  max_S: 4342363.2  S: 4237189.3  ΔS:     -780.859  moves:   104 
    l=0      B: 2416 <- 5000    B=2885  niter:    21  count:    1  breaks:  1  min_S: 4237189.3  max_S: 4342363.2  S: 4236821.0  ΔS:     -368.371  moves:    84 
    l=0      B: 2416 <- 5000    shrinking 2812 -> 2416
    l=0      B: 2416 <- 5000    B=2416  niter:     1  count:    0  breaks:  0  min_S: 4072105.7  max_S: 4078431.8  S: 4072105.7  ΔS:     -6326.13  moves:   883 
    l=0      B: 2416 <- 5000    B=2416  niter:     2  count:    0  breaks:  0  min_S: 4065046.0  max_S: 4078431.8  S: 4065046.0  ΔS:     -7059.62  moves:   973 
    l=0      B: 2416 <- 5000    B=2416  niter:     3  count:    0  breaks:  0  min_S: 4061539.0  max_S: 4078431.8  S: 4061539.0  ΔS:     -3507.00  moves:   559 
    l=0      B: 2416 <- 5000    B=2416  niter:     4  count:    0  breaks:  0  min_S: 4060155.8  max_S: 4078431.8  S: 4060155.8  ΔS:     -1383.19  moves:   256 
    l=0      B: 2416 <- 5000    B=2416  niter:     5  count:    0  breaks:  0  min_S: 4059715.4  max_S: 4078431.8  S: 4059715.4  ΔS:     -440.479  moves:   131 
    l=0      B: 2416 <- 5000    B=2416  niter:     6  count:    1  breaks:  1  min_S: 4059715.4  max_S: 4078431.8  S: 4059384.5  ΔS:     -330.880  moves:    77 
    l=0  Current bracket: (4, 2416, 5000) (4037828.9360302254, 4059384.4883736, 5583357.680100304)
    l=0      B: 1429 <- 2416    shrinking 2332 -> 1794
    l=0      B: 1429 <- 2416    B=1794  niter:     1  count:    0  breaks:  0  min_S: 4043916.4  max_S: 4044508.1  S: 4043916.4  ΔS:     -591.722  moves:   260 
    l=0      B: 1429 <- 2416    B=1794  niter:     2  count:    1  breaks:  1  min_S: 4043916.4  max_S: 4044508.1  S: 4043682.4  ΔS:     -233.929  moves:   198 
    l=0      B: 1429 <- 2416    shrinking 1780 -> 1429
    l=0      B: 1429 <- 2416    B=1429  niter:     1  count:    0  breaks:  0  min_S: 4037796.3  max_S: 4038330.6  S: 4037796.3  ΔS:     -534.299  moves:   210 
    l=0      B: 1429 <- 2416    B=1429  niter:     2  count:    0  breaks:  0  min_S: 4037280.7  max_S: 4038330.6  S: 4037280.7  ΔS:     -515.586  moves:   159 
    l=0      B: 1429 <- 2416    B=1429  niter:     3  count:    1  breaks:  1  min_S: 4037280.7  max_S: 4038330.6  S: 4036986.5  ΔS:     -294.201  moves:    90 
    l=0  Current bracket: (4, 1429, 2416) (4037828.9360302254, 4036986.516875793, 4059384.4883736)
    l=0      B: 819 <- 1429    shrinking 1419 -> 1092
    l=0      B: 819 <- 1429    B=1092  niter:     1  count:    1  breaks:  1  min_S: 4031449.4  max_S: 4031449.4  S: 4031305.8  ΔS:     -143.630  moves:    68 
    l=0      B: 819 <- 1429    shrinking 1092 -> 840
    l=0      B: 819 <- 1429    B=840  niter:     1  count:    1  breaks:  1  min_S: 4026944.8  max_S: 4026944.8  S: 4026823.8  ΔS:     -120.965  moves:    70 
    l=0      B: 819 <- 1429    shrinking 840 -> 819
    l=0      B: 819 <- 1429    B=819  niter:     1  count:    1  breaks:  1  min_S: 4026439.6  max_S: 4026439.6  S: 4026394.6  ΔS:     -45.0791  moves:    28 
    l=0  Current bracket: (4, 1429, 2416) (4037828.9360302254, 4036986.516875793, 4059384.4883736)
    l=0  Bisect at B = 819 with S = 4026394.563856539
    l=0      B: 442 <- 819    shrinking 819 -> 630
    l=0      B: 442 <- 819    B=630  niter:     1  count:    1  breaks:  1  min_S: 4022997.7  max_S: 4022997.7  S: 4022979.3  ΔS:     -18.3402  moves:    25 
    l=0      B: 442 <- 819    shrinking 630 -> 485
    l=0      B: 442 <- 819    B=485  niter:     1  count:    1  breaks:  1  min_S: 4020426.5  max_S: 4020426.5  S: 4020423.2  ΔS:     -3.22150  moves:     5 
    l=0      B: 442 <- 819    shrinking 485 -> 442
    l=0      B: 442 <- 819    B=442  niter:     1  count:    1  breaks:  1  min_S: 4020066.5  max_S: 4020066.5  S: 4020053.9  ΔS:     -12.5333  moves:     3 
    l=0  Current bracket: (4, 819, 1429) (4037828.9360302254, 4026394.563856539, 4036986.516875793)
    l=0  Bisect at B = 442 with S = 4020053.943451486
    l=0      B: 209 <- 442    shrinking 442 -> 340
    l=0      B: 209 <- 442    B=340  niter:     1  count:    1  breaks:  1  min_S: 4019263.9  max_S: 4019263.9  S: 4019263.1  ΔS:    -0.882885  moves:     3 
    l=0      B: 209 <- 442    shrinking 340 -> 262
    l=0      B: 209 <- 442    B=262  niter:     1  count:    1  breaks:  1  min_S: 4018560.7  max_S: 4018560.7  S: 4018559.0  ΔS:     -1.72707  moves:     5 
    l=0      B: 209 <- 442    shrinking 262 -> 209
    l=0      B: 209 <- 442    B=209  niter:     1  count:    1  breaks:  1  min_S: 4018000.4  max_S: 4018000.4  S: 4017995.7  ΔS:     -4.73049  moves:     5 
    l=0  Current bracket: (4, 442, 819) (4037828.9360302254, 4020053.9434514856, 4026394.563856539)
    l=0  Bisect at B = 209 with S = 4017995.673580354
    l=0      B: 298 <- 340    shrinking 340 -> 298
    l=0      B: 298 <- 340    B=298  niter:     1  count:    1  breaks:  1  min_S: 4018885.7  max_S: 4018885.7  S: 4018877.4  ΔS:     -8.33611  moves:     3 
    l=0  Current bracket: (4, 209, 442) (4037828.9360302254, 4017995.673580354, 4020053.9434514856)
    l=0  Bisect at B = 298 with S = 4018877.410286332
    l=0      B: 120 <- 209    shrinking 209 -> 161
    l=0      B: 120 <- 209    B=161  niter:     1  count:    1  breaks:  1  min_S: 4017448.4  max_S: 4017448.4  S: 4017446.6  ΔS:     -1.82938  moves:     4 
    l=0      B: 120 <- 209    shrinking 161 -> 124
    l=0      B: 120 <- 209    B=124  niter:     1  count:    1  breaks:  1  min_S: 4016978.5  max_S: 4016978.5  S: 4016973.8  ΔS:     -4.71195  moves:     7 
    l=0      B: 120 <- 209    shrinking 124 -> 120
    l=0      B: 120 <- 209    B=120  niter:     1  count:    1  breaks:  1  min_S: 4016888.4  max_S: 4016888.4  S: 4016879.6  ΔS:     -8.81615  moves:    11 
    l=0  Current bracket: (4, 209, 298) (4037828.9360302254, 4017995.673580354, 4018877.4102863325)
    l=0  Bisect at B = 120 with S = 4016879.585241528
    l=0      B: 65 <- 120    shrinking 120 -> 92
    l=0      B: 65 <- 120    B=92  niter:     1  count:    1  breaks:  1  min_S: 4016509.8  max_S: 4016509.8  S: 4016499.4  ΔS:     -10.3916  moves:    12 
    l=0      B: 65 <- 120    shrinking 92 -> 71
    l=0      B: 65 <- 120    B=71  niter:     1  count:    1  breaks:  1  min_S: 4016239.7  max_S: 4016239.7  S: 4016230.0  ΔS:     -9.67764  moves:     5 
    l=0      B: 65 <- 120    shrinking 71 -> 65
    l=0      B: 65 <- 120    B=65  niter:     1  count:    1  breaks:  1  min_S: 4016118.2  max_S: 4016118.2  S: 4016107.6  ΔS:     -10.6611  moves:     4 
    l=0  Current bracket: (4, 120, 209) (4037828.9360302254, 4016879.585241528, 4017995.673580354)
    l=0  Bisect at B = 65 with S = 4016107.575392305
    l=0      B: 31 <- 65    shrinking 65 -> 50
    l=0      B: 31 <- 65    B=50  niter:     1  count:    1  breaks:  1  min_S: 4015941.0  max_S: 4015941.0  S: 4015937.7  ΔS:     -3.22735  moves:     5 
    l=0      B: 31 <- 65    shrinking 50 -> 38
    l=0      B: 31 <- 65    B=38  niter:     1  count:    1  breaks:  1  min_S: 4015814.3  max_S: 4015814.3  S: 4015807.9  ΔS:     -6.45312  moves:     8 
    l=0      B: 31 <- 65    shrinking 38 -> 31
    l=0      B: 31 <- 65    B=31  niter:     1  count:    1  breaks:  1  min_S: 4015680.9  max_S: 4015680.9  S: 4015673.6  ΔS:     -7.35007  moves:     6 
    l=0  Current bracket: (4, 65, 120) (4037828.9360302254, 4016107.5753923054, 4016879.585241528)
    l=0  Bisect at B = 31 with S = 4015673.561549707
    l=0      B: 44 <- 50    shrinking 50 -> 44
    l=0      B: 44 <- 50    B=44  niter:     1  count:    1  breaks:  1  min_S: 4015799.2  max_S: 4015799.2  S: 4015790.9  ΔS:     -8.36015  moves:     7 
    l=0  Current bracket: (4, 31, 65) (4037828.9360302254, 4015673.5615497073, 4016107.5753923054)
    l=0  Bisect at B = 44 with S = 4015790.857140989
    l=0      B: 18 <- 31    shrinking 31 -> 24
    l=0      B: 18 <- 31    B=24  niter:     1  count:    1  breaks:  1  min_S: 4015714.4  max_S: 4015714.4  S: 4015696.0  ΔS:     -18.4230  moves:     9 
    l=0      B: 18 <- 31    shrinking 24 -> 18
    l=0      B: 18 <- 31    B=18  niter:     1  count:    1  breaks:  1  min_S: 4015978.5  max_S: 4015978.5  S: 4015964.9  ΔS:     -13.6149  moves:     7 
    l=0  Current bracket: (4, 31, 44) (4037828.9360302254, 4015673.5615497073, 4015790.857140989)
    l=0  Bisect at B = 18 with S = 4015964.912340041
    l=0      B: 23 <- 24    shrinking 24 -> 23
    l=0      B: 23 <- 24    B=23  niter:     1  count:    1  breaks:  1  min_S: 4015704.1  max_S: 4015704.1  S: 4015695.2  ΔS:     -8.95868  moves:     4 
    l=0  Current bracket: (18, 31, 44) (4015964.912340041, 4015673.5615497073, 4015790.857140989)
    l=0  Bisect at B = 23 with S = 4015695.184985995
    l=0      B: 36 <- 38    shrinking 38 -> 36
    l=0      B: 36 <- 38    B=36  niter:     1  count:    1  breaks:  1  min_S: 4015750.8  max_S: 4015750.8  S: 4015745.3  ΔS:     -5.50403  moves:     5 
    l=0  Current bracket: (23, 31, 44) (4015695.184985995, 4015673.5615497073, 4015790.857140989)
    l=0  Bisect at B = 36 with S = 4015745.252133684
    l=0      B: 26 <- 31    shrinking 31 -> 26
    l=0      B: 26 <- 31    B=26  niter:     1  count:    1  breaks:  1  min_S: 4015671.2  max_S: 4015671.2  S: 4015660.7  ΔS:     -10.5302  moves:     8 
    l=0  Current bracket: (23, 31, 36) (4015695.184985995, 4015673.5615497073, 4015745.2521336842)
    l=0  Bisect at B = 26 with S = 4015660.663072434
    l=0      B: 28 <- 31    shrinking 31 -> 28
    l=0      B: 28 <- 31    B=28  niter:     1  count:    1  breaks:  1  min_S: 4015654.1  max_S: 4015654.1  S: 4015644.1  ΔS:     -10.0290  moves:     6 
    l=0  Current bracket: (23, 26, 31) (4015695.184985995, 4015660.663072434, 4015673.5615497073)
    l=0  Bisect at B = 28 with S = 4015644.077258837
    l=0      B: 29 <- 31    shrinking 31 -> 29
    l=0      B: 29 <- 31    B=29  niter:     1  count:    1  breaks:  1  min_S: 4015651.5  max_S: 4015651.5  S: 4015649.0  ΔS:     -2.52976  moves:     4 
    l=0  Current bracket: (26, 28, 31) (4015660.663072434, 4015644.077258837, 4015673.5615497073)
    l=0  Bisect at B = 29 with S = 4015648.970469858
    l=0      B: 27 <- 28    shrinking 28 -> 27
    l=0      B: 27 <- 28    B=27  niter:     1  count:    1  breaks:  1  min_S: 4015642.2  max_S: 4015642.2  S: 4015637.8  ΔS:     -4.45460  moves:     3 
    l=0  Current bracket: (26, 28, 29) (4015660.663072434, 4015644.077258837, 4015648.9704698585)
    l=0  Bisect at B = 27 with S = 4015637.78900836
    l=0  Best result: B = 27, S = 4015637.78900836
level 0 : replaced (5000, 34) -> (5000, 27) , dS: -198.32792506366968 4
    l=1      B: 14 <- 27    shrinking 27 -> 21
    l=1      B: 14 <- 27    B=21  niter:     1  count:    1  breaks:  1  min_S: 791.57769  max_S: 791.57769  S: 791.57769  ΔS:      0.00000  moves:     0 
    l=1      B: 14 <- 27    shrinking 21 -> 16
    l=1      B: 14 <- 27    B=16  niter:     1  count:    1  breaks:  1  min_S: 772.35544  max_S: 772.35544  S: 772.35544  ΔS:      0.00000  moves:     0 
    l=1      B: 14 <- 27    shrinking 16 -> 14
    l=1      B: 14 <- 27    B=14  niter:     1  count:    1  breaks:  1  min_S: 764.51211  max_S: 764.51211  S: 764.51211  ΔS:      0.00000  moves:     0 
    l=1  Current bracket: (2, 14, 27) (849.6853578741066, 764.5121090829242, 910.538512860463)
    l=1      B: 19 <- 21    shrinking 21 -> 19
    l=1      B: 19 <- 21    B=19  niter:     1  count:    1  breaks:  1  min_S: 784.75263  max_S: 784.75263  S: 784.75263  ΔS:      0.00000  moves:     0 
    l=1  Current bracket: (2, 14, 27) (849.6853578741066, 764.5121090829242, 910.538512860463)
    l=1  Bisect at B = 19 with S = 784.752630381557
    l=1      B: 9 <- 14    shrinking 14 -> 11
    l=1      B: 9 <- 14    B=11  niter:     1  count:    1  breaks:  1  min_S: 752.78070  max_S: 752.78070  S: 752.78070  ΔS:      0.00000  moves:     0 
    l=1      B: 9 <- 14    shrinking 11 -> 9
    l=1      B: 9 <- 14    B=9  niter:     1  count:    1  breaks:  1  min_S: 740.20548  max_S: 740.20548  S: 740.20548  ΔS:      0.00000  moves:     0 
    l=1  Current bracket: (2, 14, 19) (849.6853578741066, 764.5121090829242, 784.752630381557)
    l=1  Bisect at B = 9 with S = 740.2054762985971
    l=1      B: 6 <- 9    shrinking 9 -> 7
    l=1      B: 6 <- 9    B=7  niter:     1  count:    0  breaks:  0  min_S: 730.20409  max_S: 730.52797  S: 730.20409  ΔS:    -0.323885  moves:     1 
    l=1      B: 6 <- 9    B=7  niter:     2  count:    0  breaks:  0  min_S: 728.56165  max_S: 730.52797  S: 728.56165  ΔS:     -1.64243  moves:     1 
    l=1      B: 6 <- 9    B=7  niter:     3  count:    1  breaks:  1  min_S: 728.56165  max_S: 730.52797  S: 728.56165  ΔS:      0.00000  moves:     0 
    l=1      B: 6 <- 9    shrinking 7 -> 6
    l=1      B: 6 <- 9    B=6  niter:     1  count:    1  breaks:  1  min_S: 723.96038  max_S: 723.96038  S: 723.96038  ΔS:      0.00000  moves:     0 
    l=1  Current bracket: (2, 9, 14) (849.6853578741066, 740.2054762985971, 764.5121090829242)
    l=1  Bisect at B = 6 with S = 723.9603844739862
    l=1      B: 4 <- 6    shrinking 6 -> 5
    l=1      B: 4 <- 6    B=5  niter:     1  count:    1  breaks:  1  min_S: 713.36877  max_S: 713.36877  S: 713.36877  ΔS:      0.00000  moves:     0 
    l=1      B: 4 <- 6    shrinking 5 -> 4
    l=1      B: 4 <- 6    B=4  niter:     1  count:    1  breaks:  1  min_S: 710.88310  max_S: 710.88310  S: 710.88310  ΔS:      0.00000  moves:     0 
    l=1  Current bracket: (2, 6, 9) (849.6853578741066, 723.9603844739862, 740.2054762985971)
    l=1  Bisect at B = 4 with S = 710.8831023556838
    l=1      B: 3 <- 4    shrinking 4 -> 3
    l=1      B: 3 <- 4    B=3  niter:     1  count:    1  breaks:  1  min_S: 720.53868  max_S: 720.53868  S: 720.53868  ΔS:      0.00000  moves:     0 
    l=1  Current bracket: (2, 4, 6) (849.6853578741066, 710.8831023556838, 723.9603844739862)
    l=1  Bisect at B = 3 with S = 720.5386845563713
    l=1  Current bracket: (3, 4, 6) (720.5386845563713, 710.8831023556838, 723.9603844739862)
    l=1  Bisect at B = 5 with S = 713.368769719997
    l=1  Current bracket: (3, 4, 5) (720.5386845563713, 710.8831023556838, 713.368769719997)
    l=1  Bisect at B = 3 with S = 720.5386845563713
    l=1  Best result: B = 4, S = 710.8831023556838
level 1 : replaced (27, 4) -> (27, 4) , dS: -24.348956127651036 4
    l=2      B: 3 <- 4    shrinking 4 -> 3
    l=2      B: 3 <- 4    B=3  niter:     1  count:    1  breaks:  1  min_S: 61.299820  max_S: 61.299820  S: 61.299820  ΔS:      0.00000  moves:     0 
    l=2  Current bracket: (2, 3, 4) (60.56357480473214, 61.299819996917165, 63.4539465626283)
    l=2  Current bracket: (2, 2, 3) (60.56357480473214, 60.56357480473214, 61.299819996917165)
    l=2  Bisect at B = 2 with S = 60.56357480473214
    l=2  Best result: B = 2, S = 60.56357480473214
level 2 : rejected replacement (4, 2) -> (4, 2) , dS: 0.0
    l=2      B: 3 <- 4    shrinking 4 -> 3
    l=2      B: 3 <- 4    B=3  niter:     1  count:    1  breaks:  1  min_S: 61.299820  max_S: 61.299820  S: 61.299820  ΔS:      0.00000  moves:     0 
    l=2  Current bracket: (2, 3, 4) (60.56357480473214, 61.299819996917165, 63.4539465626283)
    l=2  Current bracket: (2, 2, 3) (60.56357480473214, 60.56357480473214, 61.299819996917165)
    l=2  Bisect at B = 2 with S = 60.56357480473214
    l=2  Best result: B = 2, S = 60.56357480473214
level 2 : rejected insert 4 , dS: 2.8903717580251396
level 1 : skipping 4
    l=0      B: 2416 <- 5000    shrinking 5000 -> 3846
    l=0      B: 2416 <- 5000    B=3846  niter:     1  count:    0  breaks:  0  min_S: 5168922.9  max_S: 5321757.0  S: 5168922.9  ΔS:     -152834.  moves:  1660 
    l=0      B: 2416 <- 5000    B=3846  niter:     2  count:    0  breaks:  0  min_S: 5150663.0  max_S: 5321757.0  S: 5150663.0  ΔS:     -18259.9  moves:   592 
    l=0      B: 2416 <- 5000    B=3846  niter:     3  count:    0  breaks:  0  min_S: 5145396.6  max_S: 5321757.0  S: 5145396.6  ΔS:     -5266.38  moves:   308 
    l=0      B: 2416 <- 5000    B=3846  niter:     4  count:    0  breaks:  0  min_S: 5142566.8  max_S: 5321757.0  S: 5142566.8  ΔS:     -2829.83  moves:   208 
    l=0      B: 2416 <- 5000    B=3846  niter:     5  count:    0  breaks:  0  min_S: 5140348.1  max_S: 5321757.0  S: 5140348.1  ΔS:     -2218.72  moves:   154 
    l=0      B: 2416 <- 5000    B=3846  niter:     6  count:    0  breaks:  0  min_S: 5138809.3  max_S: 5321757.0  S: 5138809.3  ΔS:     -1538.82  moves:   126 
    l=0      B: 2416 <- 5000    B=3846  niter:     7  count:    0  breaks:  0  min_S: 5137707.6  max_S: 5321757.0  S: 5137707.6  ΔS:     -1101.64  moves:    84 
    l=0      B: 2416 <- 5000    B=3846  niter:     8  count:    0  breaks:  0  min_S: 5136958.6  max_S: 5321757.0  S: 5136958.6  ΔS:     -749.030  moves:    79 
    l=0      B: 2416 <- 5000    B=3846  niter:     9  count:    1  breaks:  1  min_S: 5136958.6  max_S: 5321757.0  S: 5136513.0  ΔS:     -445.605  moves:    67 
    l=0      B: 2416 <- 5000    shrinking 3741 -> 2878
    l=0      B: 2416 <- 5000    B=2878  niter:     1  count:    0  breaks:  0  min_S: 4307202.6  max_S: 4370530.1  S: 4307202.6  ΔS:     -63327.6  moves:  1539 
    l=0      B: 2416 <- 5000    B=2878  niter:     2  count:    0  breaks:  0  min_S: 4295365.5  max_S: 4370530.1  S: 4295365.5  ΔS:     -11837.0  moves:   822 
    l=0      B: 2416 <- 5000    B=2878  niter:     3  count:    0  breaks:  0  min_S: 4288825.4  max_S: 4370530.1  S: 4288825.4  ΔS:     -6540.12  moves:   569 
    l=0      B: 2416 <- 5000    B=2878  niter:     4  count:    0  breaks:  0  min_S: 4283714.2  max_S: 4370530.1  S: 4283714.2  ΔS:     -5111.25  moves:   443 
    l=0      B: 2416 <- 5000    B=2878  niter:     5  count:    0  breaks:  0  min_S: 4279911.4  max_S: 4370530.1  S: 4279911.4  ΔS:     -3802.78  moves:   383 
    l=0      B: 2416 <- 5000    B=2878  niter:     6  count:    0  breaks:  0  min_S: 4276665.3  max_S: 4370530.1  S: 4276665.3  ΔS:     -3246.09  moves:   325 
    l=0      B: 2416 <- 5000    B=2878  niter:     7  count:    0  breaks:  0  min_S: 4273992.2  max_S: 4370530.1  S: 4273992.2  ΔS:     -2673.10  moves:   285 
    l=0      B: 2416 <- 5000    B=2878  niter:     8  count:    0  breaks:  0  min_S: 4271963.5  max_S: 4370530.1  S: 4271963.5  ΔS:     -2028.70  moves:   218 
    l=0      B: 2416 <- 5000    B=2878  niter:     9  count:    0  breaks:  0  min_S: 4270513.3  max_S: 4370530.1  S: 4270513.3  ΔS:     -1450.20  moves:   188 
    l=0      B: 2416 <- 5000    B=2878  niter:    10  count:    0  breaks:  0  min_S: 4268882.1  max_S: 4370530.1  S: 4268882.1  ΔS:     -1631.16  moves:   199 
    l=0      B: 2416 <- 5000    B=2878  niter:    11  count:    0  breaks:  0  min_S: 4267978.7  max_S: 4370530.1  S: 4267978.7  ΔS:     -903.414  moves:   163 
    l=0      B: 2416 <- 5000    B=2878  niter:    12  count:    0  breaks:  0  min_S: 4266893.1  max_S: 4370530.1  S: 4266893.1  ΔS:     -1085.66  moves:   164 
    l=0      B: 2416 <- 5000    B=2878  niter:    13  count:    0  breaks:  0  min_S: 4265832.7  max_S: 4370530.1  S: 4265832.7  ΔS:     -1060.36  moves:   143 
    l=0      B: 2416 <- 5000    B=2878  niter:    14  count:    0  breaks:  0  min_S: 4265162.0  max_S: 4370530.1  S: 4265162.0  ΔS:     -670.748  moves:   126 
    l=0      B: 2416 <- 5000    B=2878  niter:    15  count:    0  breaks:  0  min_S: 4264356.2  max_S: 4370530.1  S: 4264356.2  ΔS:     -805.789  moves:   140 
    l=0      B: 2416 <- 5000    B=2878  niter:    16  count:    0  breaks:  0  min_S: 4263352.5  max_S: 4370530.1  S: 4263352.5  ΔS:     -1003.72  moves:   126 
    l=0      B: 2416 <- 5000    B=2878  niter:    17  count:    0  breaks:  0  min_S: 4262773.9  max_S: 4370530.1  S: 4262773.9  ΔS:     -578.584  moves:    94 
    l=0      B: 2416 <- 5000    B=2878  niter:    18  count:    0  breaks:  0  min_S: 4262100.0  max_S: 4370530.1  S: 4262100.0  ΔS:     -673.853  moves:    93 
    l=0      B: 2416 <- 5000    B=2878  niter:    19  count:    1  breaks:  1  min_S: 4262100.0  max_S: 4370530.1  S: 4261823.9  ΔS:     -276.064  moves:    70 
    l=0      B: 2416 <- 5000    shrinking 2815 -> 2416
    l=0      B: 2416 <- 5000    B=2416  niter:     1  count:    0  breaks:  0  min_S: 4074741.6  max_S: 4081690.0  S: 4074741.6  ΔS:     -6948.38  moves:   753 
    l=0      B: 2416 <- 5000    B=2416  niter:     2  count:    0  breaks:  0  min_S: 4069863.3  max_S: 4081690.0  S: 4069863.3  ΔS:     -4878.31  moves:   844 
    l=0      B: 2416 <- 5000    B=2416  niter:     3  count:    0  breaks:  0  min_S: 4066644.5  max_S: 4081690.0  S: 4066644.5  ΔS:     -3218.81  moves:   603 
    l=0      B: 2416 <- 5000    B=2416  niter:     4  count:    0  breaks:  0  min_S: 4064948.4  max_S: 4081690.0  S: 4064948.4  ΔS:     -1696.10  moves:   304 
    l=0      B: 2416 <- 5000    B=2416  niter:     5  count:    0  breaks:  0  min_S: 4064152.0  max_S: 4081690.0  S: 4064152.0  ΔS:     -796.336  moves:   189 
    l=0      B: 2416 <- 5000    B=2416  niter:     6  count:    0  breaks:  0  min_S: 4063242.9  max_S: 4081690.0  S: 4063242.9  ΔS:     -909.159  moves:   129 
    l=0      B: 2416 <- 5000    B=2416  niter:     7  count:    1  breaks:  1  min_S: 4063242.9  max_S: 4081690.0  S: 4062848.4  ΔS:     -394.501  moves:    93 
    l=0  Current bracket: (4, 2416, 5000) (4037859.7223496977, 4062848.3719459404, 5582811.655675293)
    l=0      B: 1429 <- 2416    shrinking 2347 -> 1805
    l=0      B: 1429 <- 2416    B=1805  niter:     1  count:    0  breaks:  0  min_S: 4043893.7  max_S: 4044307.6  S: 4043893.7  ΔS:     -413.965  moves:   305 
    l=0      B: 1429 <- 2416    B=1805  niter:     2  count:    1  breaks:  1  min_S: 4043893.7  max_S: 4044307.6  S: 4043717.1  ΔS:     -176.565  moves:   189 
    l=0      B: 1429 <- 2416    shrinking 1786 -> 1429
    l=0      B: 1429 <- 2416    B=1429  niter:     1  count:    0  breaks:  0  min_S: 4037727.2  max_S: 4038303.6  S: 4037727.2  ΔS:     -576.375  moves:   183 
    l=0      B: 1429 <- 2416    B=1429  niter:     2  count:    0  breaks:  0  min_S: 4037197.7  max_S: 4038303.6  S: 4037197.7  ΔS:     -529.506  moves:   144 
    l=0      B: 1429 <- 2416    B=1429  niter:     3  count:    1  breaks:  1  min_S: 4037197.7  max_S: 4038303.6  S: 4036880.8  ΔS:     -316.906  moves:    82 
    l=0  Current bracket: (4, 1429, 2416) (4037859.7223496977, 4036880.7857959946, 4062848.3719459404)
    l=0      B: 819 <- 1429    shrinking 1420 -> 1092
    l=0      B: 819 <- 1429    B=1092  niter:     1  count:    1  breaks:  1  min_S: 4031329.2  max_S: 4031329.2  S: 4031225.8  ΔS:     -103.381  moves:    41 
    l=0      B: 819 <- 1429    shrinking 1092 -> 840
    l=0      B: 819 <- 1429    B=840  niter:     1  count:    1  breaks:  1  min_S: 4026900.6  max_S: 4026900.6  S: 4026824.8  ΔS:     -75.7996  moves:    49 
    l=0      B: 819 <- 1429    shrinking 840 -> 819
    l=0      B: 819 <- 1429    B=819  niter:     1  count:    1  breaks:  1  min_S: 4026441.5  max_S: 4026441.5  S: 4026430.6  ΔS:     -10.8281  moves:    12 
    l=0  Current bracket: (4, 1429, 2416) (4037859.7223496977, 4036880.7857959946, 4062848.3719459404)
    l=0  Bisect at B = 819 with S = 4026430.637555754
    l=0      B: 442 <- 819    shrinking 819 -> 630
    l=0      B: 442 <- 819    B=630  niter:     1  count:    1  breaks:  1  min_S: 4023142.5  max_S: 4023142.5  S: 4023123.0  ΔS:     -19.4437  moves:    31 
    l=0      B: 442 <- 819    shrinking 630 -> 485
    l=0      B: 442 <- 819    B=485  niter:     1  count:    1  breaks:  1  min_S: 4021047.5  max_S: 4021047.5  S: 4021027.7  ΔS:     -19.7631  moves:    16 
    l=0      B: 442 <- 819    shrinking 485 -> 442
    l=0      B: 442 <- 819    B=442  niter:     1  count:    1  breaks:  1  min_S: 4020620.6  max_S: 4020620.6  S: 4020611.8  ΔS:     -8.79484  moves:     6 
    l=0  Current bracket: (4, 819, 1429) (4037859.7223496977, 4026430.6375557543, 4036880.7857959946)
    l=0  Bisect at B = 442 with S = 4020611.759296994
    l=0      B: 209 <- 442    shrinking 442 -> 340
    l=0      B: 209 <- 442    B=340  niter:     1  count:    1  breaks:  1  min_S: 4019786.3  max_S: 4019786.3  S: 4019752.4  ΔS:     -33.8081  moves:    18 
    l=0      B: 209 <- 442    shrinking 340 -> 262
    l=0      B: 209 <- 442    B=262  niter:     1  count:    1  breaks:  1  min_S: 4019028.9  max_S: 4019028.9  S: 4018987.0  ΔS:     -41.8717  moves:    18 
    l=0      B: 209 <- 442    shrinking 262 -> 209
    l=0      B: 209 <- 442    B=209  niter:     1  count:    1  breaks:  1  min_S: 4018388.4  max_S: 4018388.4  S: 4018338.3  ΔS:     -50.0903  moves:    14 
    l=0  Current bracket: (4, 442, 819) (4037859.7223496977, 4020611.7592969937, 4026430.6375557543)
    l=0  Bisect at B = 209 with S = 4018338.26673598
    l=0      B: 298 <- 340    shrinking 340 -> 298
    l=0      B: 298 <- 340    B=298  niter:     1  count:    1  breaks:  1  min_S: 4019333.6  max_S: 4019333.6  S: 4019297.8  ΔS:     -35.8544  moves:    17 
    l=0  Current bracket: (4, 209, 442) (4037859.7223496977, 4018338.2667359803, 4020611.7592969937)
    l=0  Bisect at B = 298 with S = 4019297.793107014
    l=0      B: 120 <- 209    shrinking 209 -> 161
    l=0      B: 120 <- 209    B=161  niter:     1  count:    1  breaks:  1  min_S: 4017758.9  max_S: 4017758.9  S: 4017742.5  ΔS:     -16.4535  moves:    10 
    l=0      B: 120 <- 209    shrinking 161 -> 124
    l=0      B: 120 <- 209    B=124  niter:     1  count:    1  breaks:  1  min_S: 4017259.2  max_S: 4017259.2  S: 4017226.3  ΔS:     -32.8600  moves:    14 
    l=0      B: 120 <- 209    shrinking 124 -> 120
    l=0      B: 120 <- 209    B=120  niter:     1  count:    1  breaks:  1  min_S: 4017146.1  max_S: 4017146.1  S: 4017118.3  ΔS:     -27.8132  moves:    18 
    l=0  Current bracket: (4, 209, 298) (4037859.7223496977, 4018338.2667359803, 4019297.793107014)
    l=0  Bisect at B = 120 with S = 4017118.315499289
    l=0      B: 65 <- 120    shrinking 120 -> 92
    l=0      B: 65 <- 120    B=92  niter:     1  count:    1  breaks:  1  min_S: 4016738.7  max_S: 4016738.7  S: 4016709.7  ΔS:     -29.0258  moves:    10 
    l=0      B: 65 <- 120    shrinking 92 -> 71
    l=0      B: 65 <- 120    B=71  niter:     1  count:    1  breaks:  1  min_S: 4016411.5  max_S: 4016411.5  S: 4016394.9  ΔS:     -16.5402  moves:    12 
    l=0      B: 65 <- 120    shrinking 71 -> 65
    l=0      B: 65 <- 120    B=65  niter:     1  count:    1  breaks:  1  min_S: 4016297.5  max_S: 4016297.5  S: 4016278.8  ΔS:     -18.6570  moves:    10 
    l=0  Current bracket: (4, 120, 209) (4037859.7223496977, 4017118.315499289, 4018338.2667359803)
    l=0  Bisect at B = 65 with S = 4016278.802711169
    l=0      B: 31 <- 65    shrinking 65 -> 50
    l=0      B: 31 <- 65    B=50  niter:     1  count:    1  breaks:  1  min_S: 4016116.6  max_S: 4016116.6  S: 4016103.8  ΔS:     -12.8072  moves:    11 
    l=0      B: 31 <- 65    shrinking 50 -> 38
    l=0      B: 31 <- 65    B=38  niter:     1  count:    1  breaks:  1  min_S: 4015972.7  max_S: 4015972.7  S: 4015963.0  ΔS:     -9.71351  moves:     7 
    l=0      B: 31 <- 65    shrinking 38 -> 31
    l=0      B: 31 <- 65    B=31  niter:     1  count:    1  breaks:  1  min_S: 4015882.6  max_S: 4015882.6  S: 4015873.5  ΔS:     -9.11781  moves:     8 
    l=0  Current bracket: (4, 65, 120) (4037859.7223496977, 4016278.8027111692, 4017118.315499289)
    l=0  Bisect at B = 31 with S = 4015873.471046747
    l=0      B: 44 <- 50    shrinking 50 -> 44
    l=0      B: 44 <- 50    B=44  niter:     1  count:    1  breaks:  1  min_S: 4016010.2  max_S: 4016010.2  S: 4015997.9  ΔS:     -12.3472  moves:    10 
    l=0  Current bracket: (4, 31, 65) (4037859.7223496977, 4015873.471046747, 4016278.8027111692)
    l=0  Bisect at B = 44 with S = 4015997.875981552
    l=0      B: 18 <- 31    shrinking 31 -> 24
    l=0      B: 18 <- 31    B=24  niter:     1  count:    1  breaks:  1  min_S: 4015835.6  max_S: 4015835.6  S: 4015806.7  ΔS:     -28.9254  moves:    11 
    l=0      B: 18 <- 31    shrinking 24 -> 18
    l=0      B: 18 <- 31    B=18  niter:     1  count:    1  breaks:  1  min_S: 4016033.6  max_S: 4016033.6  S: 4016020.7  ΔS:     -12.8583  moves:     7 
    l=0  Current bracket: (4, 31, 44) (4037859.7223496977, 4015873.471046747, 4015997.8759815516)
    l=0  Bisect at B = 18 with S = 4016020.724962899
    l=0      B: 23 <- 24    shrinking 24 -> 23
    l=0      B: 23 <- 24    B=23  niter:     1  count:    1  breaks:  1  min_S: 4015799.6  max_S: 4015799.6  S: 4015787.6  ΔS:     -11.9241  moves:     8 
    l=0  Current bracket: (18, 31, 44) (4016020.7249628985, 4015873.471046747, 4015997.8759815516)
    l=0  Bisect at B = 23 with S = 4015787.636974573
    l=0      B: 26 <- 31    shrinking 31 -> 26
    l=0      B: 26 <- 31    B=26  niter:     1  count:    1  breaks:  1  min_S: 4015836.2  max_S: 4015836.2  S: 4015828.8  ΔS:     -7.42581  moves:     4 
    l=0  Current bracket: (18, 23, 31) (4016020.7249628985, 4015787.636974573, 4015873.471046747)
    l=0  Bisect at B = 26 with S = 4015828.77583494
    l=0      B: 20 <- 23    shrinking 23 -> 20
    l=0      B: 20 <- 23    B=20  niter:     1  count:    1  breaks:  1  min_S: 4015820.2  max_S: 4015820.2  S: 4015805.2  ΔS:     -15.0256  moves:    10 
    l=0  Current bracket: (18, 23, 26) (4016020.7249628985, 4015787.636974573, 4015828.77583494)
    l=0  Bisect at B = 20 with S = 4015805.204024179
    l=0      B: 21 <- 23    shrinking 23 -> 21
    l=0      B: 21 <- 23    B=21  niter:     1  count:    1  breaks:  1  min_S: 4015812.4  max_S: 4015812.4  S: 4015798.0  ΔS:     -14.3448  moves:    10 
    l=0  Current bracket: (20, 23, 26) (4015805.2040241794, 4015787.636974573, 4015828.77583494)
    l=0  Bisect at B = 21 with S = 4015798.038415416
    l=0  Current bracket: (21, 23, 26) (4015798.038415416, 4015787.636974573, 4015828.77583494)
    l=0  Bisect at B = 24 with S = 4015806.663562625
    l=0      B: 22 <- 23    shrinking 23 -> 22
    l=0      B: 22 <- 23    B=22  niter:     1  count:    1  breaks:  1  min_S: 4015796.2  max_S: 4015796.2  S: 4015788.1  ΔS:     -8.11393  moves:     4 
    l=0  Current bracket: (21, 23, 24) (4015798.038415416, 4015787.636974573, 4015806.663562625)
    l=0  Bisect at B = 22 with S = 4015788.093630829
    l=0  Best result: B = 23, S = 4015787.636974573
level 0 : rejected replacement (5000, 27) -> (5000, 23) , dS: 174.19692234043032
Saving level 1
Saving level 0
mdl: 4015674.696774
ended
it took  7284.158565759659 seconds
