Unable to init server: Could not connect: Connection refused
Unable to init server: Could not connect: Connection refused

(run.py:1): Gdk-CRITICAL **: 10:43:00.826: gdk_cursor_new_for_display: assertion 'GDK_IS_DISPLAY (display)' failed
mv: 'topsbm_level_0_clusters.csv' and '/home/filippo/files/./topsbm_level_0_clusters.csv' are the same file
mv: 'topsbm_level_0_topic-dist.csv' and '/home/filippo/files/./topsbm_level_0_topic-dist.csv' are the same file
mv: 'topsbm_level_0_topics.csv' and '/home/filippo/files/./topsbm_level_0_topics.csv' are the same file
mv: 'topsbm_level_0_word-dist.csv' and '/home/filippo/files/./topsbm_level_0_word-dist.csv' are the same file
mv: 'topsbm_level_1_clusters.csv' and '/home/filippo/files/./topsbm_level_1_clusters.csv' are the same file
mv: 'topsbm_level_1_topic-dist.csv' and '/home/filippo/files/./topsbm_level_1_topic-dist.csv' are the same file
mv: 'topsbm_level_1_topics.csv' and '/home/filippo/files/./topsbm_level_1_topics.csv' are the same file
mv: 'topsbm_level_1_word-dist.csv' and '/home/filippo/files/./topsbm_level_1_word-dist.csv' are the same file
mv: 'mat_0.png' and '/home/filippo/files/./mat_0.png' are the same file
mv: 'mat_1.png' and '/home/filippo/files/./mat_1.png' are the same file
mv: 'p_tw_d_0.png' and '/home/filippo/files/./p_tw_d_0.png' are the same file
mv: 'p_tw_d_1.png' and '/home/filippo/files/./p_tw_d_1.png' are the same file
mv: 'p_w_tw_0.png' and '/home/filippo/files/./p_w_tw_0.png' are the same file
mv: 'p_w_tw_1.png' and '/home/filippo/files/./p_w_tw_1.png' are the same file
mv: 'currentjob.txt' and '/home/filippo/files/./currentjob.txt' are the same file
mv: 'summary.txt' and '/home/filippo/files/./summary.txt' are the same file
mv: 'topsbm.pkl' and '/home/filippo/files/./topsbm.pkl' are the same file
